{"/home/travis/build/npmtest/node-npmtest-foundation/test.js":{"path":"/home/travis/build/npmtest/node-npmtest-foundation/test.js","s":{"1":2,"2":2,"3":2,"4":2,"5":2,"6":2,"7":2,"8":1,"9":2,"10":2,"11":1,"12":1,"13":1,"14":1,"15":2,"16":2,"17":2,"18":2,"19":1,"20":1,"21":2,"22":2,"23":2,"24":1,"25":1,"26":1,"27":1,"28":1,"29":1,"30":1,"31":1,"32":1,"33":1,"34":1,"35":1,"36":1,"37":1,"38":1,"39":2,"40":2,"41":1,"42":2,"43":2,"44":1,"45":2,"46":2,"47":1,"48":2,"49":2,"50":1,"51":1,"52":1,"53":1,"54":1},"b":{"1":[2,1,1,1],"2":[1,1,1,1],"3":[1,1],"4":[1,1],"5":[1,1],"6":[1,1],"7":[1,1],"8":[1,1],"9":[1,1],"10":[1,1,1],"11":[1,1],"12":[1,1],"13":[1,1],"14":[1,1],"15":[1,1],"16":[1,1],"17":[1,1]},"f":{"1":2,"2":2,"3":2,"4":2,"5":2,"6":1,"7":1,"8":1,"9":2,"10":2,"11":2,"12":2,"13":1},"fnMap":{"1":{"name":"(anonymous_1)","line":12,"loc":{"start":{"line":12,"column":1},"end":{"line":12,"column":13}}},"2":{"name":"(anonymous_2)","line":19,"loc":{"start":{"line":19,"column":5},"end":{"line":19,"column":17}}},"3":{"name":"(anonymous_3)","line":23,"loc":{"start":{"line":23,"column":24},"end":{"line":23,"column":36}}},"4":{"name":"(anonymous_4)","line":61,"loc":{"start":{"line":61,"column":5},"end":{"line":61,"column":17}}},"5":{"name":"(anonymous_5)","line":82,"loc":{"start":{"line":82,"column":5},"end":{"line":82,"column":17}}},"6":{"name":"(anonymous_6)","line":91,"loc":{"start":{"line":91,"column":77},"end":{"line":94,"column":10}}},"7":{"name":"(anonymous_7)","line":112,"loc":{"start":{"line":112,"column":83},"end":{"line":115,"column":10}},"skip":true},"8":{"name":"(anonymous_8)","line":123,"loc":{"start":{"line":123,"column":77},"end":{"line":126,"column":10}},"skip":true},"9":{"name":"(anonymous_9)","line":139,"loc":{"start":{"line":139,"column":12},"end":{"line":139,"column":40}},"skip":true},"10":{"name":"(anonymous_10)","line":147,"loc":{"start":{"line":147,"column":77},"end":{"line":150,"column":10}},"skip":true},"11":{"name":"(anonymous_11)","line":158,"loc":{"start":{"line":158,"column":83},"end":{"line":161,"column":10}},"skip":true},"12":{"name":"(anonymous_12)","line":169,"loc":{"start":{"line":169,"column":79},"end":{"line":172,"column":10}},"skip":true},"13":{"name":"(anonymous_13)","line":180,"loc":{"start":{"line":180,"column":75},"end":{"line":183,"column":10}},"skip":true}},"statementMap":{"1":{"start":{"line":12,"column":0},"end":{"line":195,"column":5}},"2":{"start":{"line":14,"column":4},"end":{"line":14,"column":14}},"3":{"start":{"line":19,"column":4},"end":{"line":56,"column":9}},"4":{"start":{"line":21,"column":8},"end":{"line":21,"column":19}},"5":{"start":{"line":23,"column":8},"end":{"line":35,"column":13}},"6":{"start":{"line":24,"column":12},"end":{"line":34,"column":13}},"7":{"start":{"line":25,"column":16},"end":{"line":28,"column":30}},"8":{"start":{"line":30,"column":16},"end":{"line":33,"column":27}},"9":{"start":{"line":37,"column":8},"end":{"line":39,"column":21}},"10":{"start":{"line":40,"column":8},"end":{"line":53,"column":9}},"11":{"start":{"line":43,"column":12},"end":{"line":46,"column":14}},"12":{"start":{"line":47,"column":12},"end":{"line":47,"column":18}},"13":{"start":{"line":50,"column":12},"end":{"line":51,"column":33}},"14":{"start":{"line":52,"column":12},"end":{"line":52,"column":18}},"15":{"start":{"line":55,"column":8},"end":{"line":55,"column":35}},"16":{"start":{"line":61,"column":4},"end":{"line":63,"column":9}},"17":{"start":{"line":62,"column":8},"end":{"line":62,"column":15}},"18":{"start":{"line":64,"column":4},"end":{"line":77,"column":5}},"19":{"start":{"line":70,"column":8},"end":{"line":70,"column":14}},"20":{"start":{"line":76,"column":8},"end":{"line":76,"column":14}},"21":{"start":{"line":82,"column":4},"end":{"line":84,"column":9}},"22":{"start":{"line":83,"column":8},"end":{"line":83,"column":15}},"23":{"start":{"line":85,"column":4},"end":{"line":194,"column":5}},"24":{"start":{"line":91,"column":8},"end":{"line":99,"column":10}},"25":{"start":{"line":98,"column":12},"end":{"line":98,"column":35}},"26":{"start":{"line":102,"column":8},"end":{"line":104,"column":63}},"27":{"start":{"line":105,"column":8},"end":{"line":105,"column":14}},"28":{"start":{"line":112,"column":8},"end":{"line":121,"column":10},"skip":true},"29":{"start":{"line":119,"column":12},"end":{"line":119,"column":55},"skip":true},"30":{"start":{"line":120,"column":12},"end":{"line":120,"column":48},"skip":true},"31":{"start":{"line":123,"column":8},"end":{"line":136,"column":10},"skip":true},"32":{"start":{"line":130,"column":12},"end":{"line":130,"column":76},"skip":true},"33":{"start":{"line":131,"column":12},"end":{"line":131,"column":73},"skip":true},"34":{"start":{"line":132,"column":12},"end":{"line":132,"column":74},"skip":true},"35":{"start":{"line":133,"column":12},"end":{"line":133,"column":79},"skip":true},"36":{"start":{"line":134,"column":12},"end":{"line":134,"column":25},"skip":true},"37":{"start":{"line":135,"column":12},"end":{"line":135,"column":45},"skip":true},"38":{"start":{"line":138,"column":8},"end":{"line":145,"column":14},"skip":true},"39":{"start":{"line":143,"column":16},"end":{"line":143,"column":29},"skip":true},"40":{"start":{"line":144,"column":16},"end":{"line":144,"column":55},"skip":true},"41":{"start":{"line":147,"column":8},"end":{"line":156,"column":10},"skip":true},"42":{"start":{"line":154,"column":12},"end":{"line":154,"column":25},"skip":true},"43":{"start":{"line":155,"column":12},"end":{"line":155,"column":45},"skip":true},"44":{"start":{"line":158,"column":8},"end":{"line":167,"column":10},"skip":true},"45":{"start":{"line":165,"column":12},"end":{"line":165,"column":25},"skip":true},"46":{"start":{"line":166,"column":12},"end":{"line":166,"column":48},"skip":true},"47":{"start":{"line":169,"column":8},"end":{"line":178,"column":10},"skip":true},"48":{"start":{"line":176,"column":12},"end":{"line":176,"column":25},"skip":true},"49":{"start":{"line":177,"column":12},"end":{"line":177,"column":46},"skip":true},"50":{"start":{"line":180,"column":8},"end":{"line":189,"column":10},"skip":true},"51":{"start":{"line":187,"column":12},"end":{"line":187,"column":94},"skip":true},"52":{"start":{"line":188,"column":12},"end":{"line":188,"column":48},"skip":true},"53":{"start":{"line":192,"column":8},"end":{"line":192,"column":35},"skip":true},"54":{"start":{"line":193,"column":8},"end":{"line":193,"column":14},"skip":true}},"branchMap":{"1":{"line":25,"type":"binary-expr","locations":[{"start":{"line":25,"column":23},"end":{"line":25,"column":62}},{"start":{"line":26,"column":20},"end":{"line":26,"column":70}},{"start":{"line":27,"column":20},"end":{"line":27,"column":71}},{"start":{"line":28,"column":20},"end":{"line":28,"column":29}}]},"2":{"line":30,"type":"binary-expr","locations":[{"start":{"line":30,"column":23},"end":{"line":30,"column":37}},{"start":{"line":31,"column":20},"end":{"line":31,"column":61}},{"start":{"line":32,"column":20},"end":{"line":32,"column":70}},{"start":{"line":33,"column":20},"end":{"line":33,"column":26}}]},"3":{"line":37,"type":"cond-expr","locations":[{"start":{"line":38,"column":14},"end":{"line":38,"column":20}},{"start":{"line":39,"column":14},"end":{"line":39,"column":20}}]},"4":{"line":40,"type":"switch","locations":[{"start":{"line":42,"column":8},"end":{"line":47,"column":18}},{"start":{"line":49,"column":8},"end":{"line":52,"column":18}}]},"5":{"line":44,"type":"binary-expr","locations":[{"start":{"line":44,"column":16},"end":{"line":44,"column":44}},{"start":{"line":44,"column":48},"end":{"line":44,"column":66}}]},"6":{"line":50,"type":"binary-expr","locations":[{"start":{"line":50,"column":21},"end":{"line":50,"column":49}},{"start":{"line":50,"column":53},"end":{"line":50,"column":72}}]},"7":{"line":64,"type":"switch","locations":[{"start":{"line":69,"column":4},"end":{"line":70,"column":14}},{"start":{"line":75,"column":4},"end":{"line":76,"column":14}}]},"8":{"line":85,"type":"switch","locations":[{"start":{"line":90,"column":4},"end":{"line":105,"column":14}},{"start":{"line":111,"column":4},"end":{"line":193,"column":14},"skip":true}]},"9":{"line":91,"type":"binary-expr","locations":[{"start":{"line":91,"column":42},"end":{"line":91,"column":73}},{"start":{"line":91,"column":77},"end":{"line":99,"column":9}}]},"10":{"line":102,"type":"binary-expr","locations":[{"start":{"line":102,"column":18},"end":{"line":102,"column":32}},{"start":{"line":103,"column":12},"end":{"line":103,"column":53}},{"start":{"line":104,"column":12},"end":{"line":104,"column":61}}]},"11":{"line":112,"type":"binary-expr","locations":[{"start":{"line":112,"column":45},"end":{"line":112,"column":79},"skip":true},{"start":{"line":112,"column":83},"end":{"line":121,"column":9},"skip":true}]},"12":{"line":123,"type":"binary-expr","locations":[{"start":{"line":123,"column":42},"end":{"line":123,"column":73},"skip":true},{"start":{"line":123,"column":77},"end":{"line":136,"column":9},"skip":true}]},"13":{"line":138,"type":"binary-expr","locations":[{"start":{"line":138,"column":48},"end":{"line":138,"column":85},"skip":true},{"start":{"line":139,"column":12},"end":{"line":145,"column":13},"skip":true}]},"14":{"line":147,"type":"binary-expr","locations":[{"start":{"line":147,"column":42},"end":{"line":147,"column":73},"skip":true},{"start":{"line":147,"column":77},"end":{"line":156,"column":9},"skip":true}]},"15":{"line":158,"type":"binary-expr","locations":[{"start":{"line":158,"column":45},"end":{"line":158,"column":79},"skip":true},{"start":{"line":158,"column":83},"end":{"line":167,"column":9},"skip":true}]},"16":{"line":169,"type":"binary-expr","locations":[{"start":{"line":169,"column":43},"end":{"line":169,"column":75},"skip":true},{"start":{"line":169,"column":79},"end":{"line":178,"column":9},"skip":true}]},"17":{"line":180,"type":"binary-expr","locations":[{"start":{"line":180,"column":41},"end":{"line":180,"column":71},"skip":true},{"start":{"line":180,"column":75},"end":{"line":189,"column":9},"skip":true}]}},"code":["/* istanbul instrument in package npmtest_foundation */","/*jslint","    bitwise: true,","    browser: true,","    maxerr: 8,","    maxlen: 96,","    node: true,","    nomen: true,","    regexp: true,","    stupid: true","*/","(function () {","    'use strict';","    var local;","","","","    // run shared js-env code - pre-init","    (function () {","        // init local","        local = {};","        // init modeJs","        local.modeJs = (function () {","            try {","                return typeof navigator.userAgent === 'string' &&","                    typeof document.querySelector('body') === 'object' &&","                    typeof XMLHttpRequest.prototype.open === 'function' &&","                    'browser';","            } catch (errorCaughtBrowser) {","                return module.exports &&","                    typeof process.versions.node === 'string' &&","                    typeof require('http').createServer === 'function' &&","                    'node';","            }","        }());","        // init global","        local.global = local.modeJs === 'browser'","            ? window","            : global;","        switch (local.modeJs) {","        // re-init local from window.local","        case 'browser':","            local = local.global.utility2.objectSetDefault(","                local.global.utility2_rollup || local.global.local,","                local.global.utility2","            );","            break;","        // re-init local from example.js","        case 'node':","            local = (local.global.utility2_rollup || require('utility2'))","                .requireReadme();","            break;","        }","        // export local","        local.global.local = local;","    }());","","","","    // run shared js-env code - function","    (function () {","        return;","    }());","    switch (local.modeJs) {","","","","    // run browser js-env code - function","    case 'browser':","        break;","","","","    // run node js-env code - function","    case 'node':","        break;","    }","","","","    // run shared js-env code - post-init","    (function () {","        return;","    }());","    switch (local.modeJs) {","","","","    // run browser js-env code - post-init","    case 'browser':","        local.testCase_browser_nullCase = local.testCase_browser_nullCase || function (","            options,","            onError","        ) {","        /*","         * this function will test browsers's null-case handling-behavior-behavior","         */","            onError(null, options);","        };","","        // run tests","        local.nop(local.modeTest &&","            document.querySelector('#testRunButton1') &&","            document.querySelector('#testRunButton1').click());","        break;","","","","    // run node js-env code - post-init","    /* istanbul ignore next */","    case 'node':","        local.testCase_buildApidoc_default = local.testCase_buildApidoc_default || function (","            options,","            onError","        ) {","        /*","         * this function will test buildApidoc's default handling-behavior-behavior","         */","            options = { modulePathList: module.paths };","            local.buildApidoc(options, onError);","        };","","        local.testCase_buildApp_default = local.testCase_buildApp_default || function (","            options,","            onError","        ) {","        /*","         * this function will test buildApp's default handling-behavior-behavior","         */","            local.testCase_buildReadme_default(options, local.onErrorThrow);","            local.testCase_buildLib_default(options, local.onErrorThrow);","            local.testCase_buildTest_default(options, local.onErrorThrow);","            local.testCase_buildCustomOrg_default(options, local.onErrorThrow);","            options = [];","            local.buildApp(options, onError);","        };","","        local.testCase_buildCustomOrg_default = local.testCase_buildCustomOrg_default ||","            function (options, onError) {","            /*","             * this function will test buildCustomOrg's default handling-behavior","             */","                options = {};","                local.buildCustomOrg(options, onError);","            };","","        local.testCase_buildLib_default = local.testCase_buildLib_default || function (","            options,","            onError","        ) {","        /*","         * this function will test buildLib's default handling-behavior","         */","            options = {};","            local.buildLib(options, onError);","        };","","        local.testCase_buildReadme_default = local.testCase_buildReadme_default || function (","            options,","            onError","        ) {","        /*","         * this function will test buildReadme's default handling-behavior-behavior","         */","            options = {};","            local.buildReadme(options, onError);","        };","","        local.testCase_buildTest_default = local.testCase_buildTest_default || function (","            options,","            onError","        ) {","        /*","         * this function will test buildTest's default handling-behavior","         */","            options = {};","            local.buildTest(options, onError);","        };","","        local.testCase_webpage_default = local.testCase_webpage_default || function (","            options,","            onError","        ) {","        /*","         * this function will test webpage's default handling-behavior","         */","            options = { modeCoverageMerge: true, url: local.serverLocalHost + '?modeTest=1' };","            local.browserTest(options, onError);","        };","","        // run test-server","        local.testRunServer(local);","        break;","    }","}());",""],"l":{"12":2,"14":2,"19":2,"21":2,"23":2,"24":2,"25":2,"30":1,"37":2,"40":2,"43":1,"47":1,"50":1,"52":1,"55":2,"61":2,"62":2,"64":2,"70":1,"76":1,"82":2,"83":2,"85":2,"91":1,"98":1,"102":1,"105":1,"112":1,"119":1,"120":1,"123":1,"130":1,"131":1,"132":1,"133":1,"134":1,"135":1,"138":1,"143":2,"144":2,"147":1,"154":2,"155":2,"158":1,"165":2,"166":2,"169":1,"176":2,"177":2,"180":1,"187":1,"188":1,"192":1,"193":1}},"/home/travis/build/npmtest/node-npmtest-foundation/lib.npmtest_foundation.js":{"path":"/home/travis/build/npmtest/node-npmtest-foundation/lib.npmtest_foundation.js","s":{"1":2,"2":2,"3":2,"4":2,"5":2,"6":2,"7":2,"8":1,"9":2,"10":2,"11":2,"12":2,"13":1,"14":1,"15":1,"16":1},"b":{"1":[2,1,1,1],"2":[1,1,1,1],"3":[1,1],"4":[2,2],"5":[1,1]},"f":{"1":2,"2":2,"3":2},"fnMap":{"1":{"name":"(anonymous_1)","line":12,"loc":{"start":{"line":12,"column":1},"end":{"line":12,"column":13}}},"2":{"name":"(anonymous_2)","line":19,"loc":{"start":{"line":19,"column":5},"end":{"line":19,"column":17}}},"3":{"name":"(anonymous_3)","line":23,"loc":{"start":{"line":23,"column":24},"end":{"line":23,"column":36}}}},"statementMap":{"1":{"start":{"line":12,"column":0},"end":{"line":53,"column":5}},"2":{"start":{"line":14,"column":4},"end":{"line":14,"column":14}},"3":{"start":{"line":19,"column":4},"end":{"line":52,"column":9}},"4":{"start":{"line":21,"column":8},"end":{"line":21,"column":19}},"5":{"start":{"line":23,"column":8},"end":{"line":35,"column":13}},"6":{"start":{"line":24,"column":12},"end":{"line":34,"column":13}},"7":{"start":{"line":25,"column":16},"end":{"line":28,"column":30}},"8":{"start":{"line":30,"column":16},"end":{"line":33,"column":27}},"9":{"start":{"line":37,"column":8},"end":{"line":39,"column":21}},"10":{"start":{"line":41,"column":8},"end":{"line":41,"column":54}},"11":{"start":{"line":43,"column":8},"end":{"line":43,"column":55}},"12":{"start":{"line":45,"column":8},"end":{"line":51,"column":9}},"13":{"start":{"line":46,"column":12},"end":{"line":46,"column":61}},"14":{"start":{"line":48,"column":12},"end":{"line":48,"column":35}},"15":{"start":{"line":49,"column":12},"end":{"line":49,"column":49}},"16":{"start":{"line":50,"column":12},"end":{"line":50,"column":43}}},"branchMap":{"1":{"line":25,"type":"binary-expr","locations":[{"start":{"line":25,"column":23},"end":{"line":25,"column":62}},{"start":{"line":26,"column":20},"end":{"line":26,"column":70}},{"start":{"line":27,"column":20},"end":{"line":27,"column":71}},{"start":{"line":28,"column":20},"end":{"line":28,"column":29}}]},"2":{"line":30,"type":"binary-expr","locations":[{"start":{"line":30,"column":23},"end":{"line":30,"column":37}},{"start":{"line":31,"column":20},"end":{"line":31,"column":61}},{"start":{"line":32,"column":20},"end":{"line":32,"column":70}},{"start":{"line":33,"column":20},"end":{"line":33,"column":26}}]},"3":{"line":37,"type":"cond-expr","locations":[{"start":{"line":38,"column":14},"end":{"line":38,"column":20}},{"start":{"line":39,"column":14},"end":{"line":39,"column":20}}]},"4":{"line":41,"type":"binary-expr","locations":[{"start":{"line":41,"column":16},"end":{"line":41,"column":44}},{"start":{"line":41,"column":48},"end":{"line":41,"column":53}}]},"5":{"line":45,"type":"if","locations":[{"start":{"line":45,"column":8},"end":{"line":45,"column":8}},{"start":{"line":45,"column":8},"end":{"line":45,"column":8}}]}},"code":["/* istanbul instrument in package npmtest_foundation */","/*jslint","    bitwise: true,","    browser: true,","    maxerr: 8,","    maxlen: 96,","    node: true,","    nomen: true,","    regexp: true,","    stupid: true","*/","(function () {","    'use strict';","    var local;","","","","    // run shared js-env code - pre-init","    (function () {","        // init local","        local = {};","        // init modeJs","        local.modeJs = (function () {","            try {","                return typeof navigator.userAgent === 'string' &&","                    typeof document.querySelector('body') === 'object' &&","                    typeof XMLHttpRequest.prototype.open === 'function' &&","                    'browser';","            } catch (errorCaughtBrowser) {","                return module.exports &&","                    typeof process.versions.node === 'string' &&","                    typeof require('http').createServer === 'function' &&","                    'node';","            }","        }());","        // init global","        local.global = local.modeJs === 'browser'","            ? window","            : global;","        // init utility2_rollup","        local = local.global.utility2_rollup || local;","        // init lib","        local.local = local.npmtest_foundation = local;","        // init exports","        if (local.modeJs === 'browser') {","            local.global.utility2_npmtest_foundation = local;","        } else {","            module.exports = local;","            module.exports.__dirname = __dirname;","            module.exports.module = module;","        }","    }());","}());",""],"l":{"12":2,"14":2,"19":2,"21":2,"23":2,"24":2,"25":2,"30":1,"37":2,"41":2,"43":2,"45":2,"46":1,"48":1,"49":1,"50":1}},"/home/travis/build/npmtest/node-npmtest-foundation/example.js":{"path":"/home/travis/build/npmtest/node-npmtest-foundation/example.js","s":{"1":2,"2":2,"3":2,"4":2,"5":2,"6":2,"7":2,"8":1,"9":2,"10":2,"11":2,"12":2,"13":1,"14":2,"15":2,"16":2,"17":2,"18":2,"19":0,"20":2,"21":1,"22":1,"23":1,"24":1,"25":1,"26":0,"27":0,"28":1,"29":1,"30":2,"31":0,"32":0,"33":0,"34":1,"35":2,"36":2,"37":3,"38":3,"39":3,"40":3,"41":0,"42":3,"43":3,"44":3,"45":1,"46":3,"47":1,"48":1,"49":1,"50":1,"51":1,"52":1,"53":1,"54":1,"55":1,"56":1,"57":0,"58":1,"59":6,"60":6,"61":1,"62":2,"63":0,"64":2,"65":1,"66":1,"67":0,"68":0,"69":0,"70":0,"71":0,"72":0,"73":0,"74":0,"75":0,"76":0,"77":0,"78":0,"79":0,"80":0,"81":0,"82":0,"83":0},"b":{"1":[2,1,1,1],"2":[1,1,1,1],"3":[1,1],"4":[2,2],"5":[1,1],"6":[1,1],"7":[2,0],"8":[2,1,1,1,1,1],"9":[0,2,0],"10":[1,1],"11":[2,1,1],"12":[1,0],"13":[0,2],"14":[2,0,0,0,0,0,0],"15":[0,3],"16":[3,0],"17":[1,1],"18":[0,1],"19":[1,2,0,2],"20":[1,0],"21":[1,1],"22":[0,0],"23":[0,0],"24":[0,0],"25":[0,0],"26":[0,0],"27":[0,0],"28":[0,0]},"f":{"1":2,"2":2,"3":2,"4":2,"5":2,"6":2,"7":3,"8":3,"9":3,"10":1,"11":6,"12":0},"fnMap":{"1":{"name":"(anonymous_1)","line":26,"loc":{"start":{"line":26,"column":1},"end":{"line":26,"column":13}}},"2":{"name":"(anonymous_2)","line":33,"loc":{"start":{"line":33,"column":5},"end":{"line":33,"column":17}}},"3":{"name":"(anonymous_3)","line":37,"loc":{"start":{"line":37,"column":24},"end":{"line":37,"column":36}}},"4":{"name":"(anonymous_4)","line":69,"loc":{"start":{"line":69,"column":31},"end":{"line":69,"column":48}},"skip":true},"5":{"name":"(anonymous_5)","line":78,"loc":{"start":{"line":78,"column":26},"end":{"line":78,"column":45}},"skip":true},"6":{"name":"(anonymous_6)","line":123,"loc":{"start":{"line":123,"column":33},"end":{"line":123,"column":48}},"skip":true},"7":{"name":"(anonymous_7)","line":125,"loc":{"start":{"line":125,"column":27},"end":{"line":125,"column":39}},"skip":true},"8":{"name":"(anonymous_8)","line":133,"loc":{"start":{"line":133,"column":59},"end":{"line":133,"column":74}},"skip":true},"9":{"name":"(anonymous_9)","line":143,"loc":{"start":{"line":143,"column":45},"end":{"line":143,"column":62}},"skip":true},"10":{"name":"(anonymous_10)","line":144,"loc":{"start":{"line":144,"column":73},"end":{"line":144,"column":92}},"skip":true},"11":{"name":"(anonymous_11)","line":272,"loc":{"start":{"line":272,"column":51},"end":{"line":272,"column":77}},"skip":true},"12":{"name":"(anonymous_12)","line":315,"loc":{"start":{"line":315,"column":32},"end":{"line":315,"column":61}},"skip":true}},"statementMap":{"1":{"start":{"line":26,"column":0},"end":{"line":326,"column":5}},"2":{"start":{"line":28,"column":4},"end":{"line":28,"column":14}},"3":{"start":{"line":33,"column":4},"end":{"line":60,"column":9}},"4":{"start":{"line":35,"column":8},"end":{"line":35,"column":19}},"5":{"start":{"line":37,"column":8},"end":{"line":49,"column":13}},"6":{"start":{"line":38,"column":12},"end":{"line":48,"column":13}},"7":{"start":{"line":39,"column":16},"end":{"line":42,"column":30}},"8":{"start":{"line":44,"column":16},"end":{"line":47,"column":27}},"9":{"start":{"line":51,"column":8},"end":{"line":53,"column":21}},"10":{"start":{"line":55,"column":8},"end":{"line":57,"column":45}},"11":{"start":{"line":59,"column":8},"end":{"line":59,"column":35}},"12":{"start":{"line":61,"column":4},"end":{"line":325,"column":5}},"13":{"start":{"line":69,"column":8},"end":{"line":121,"column":10},"skip":true},"14":{"start":{"line":70,"column":12},"end":{"line":88,"column":13},"skip":true},"15":{"start":{"line":76,"column":16},"end":{"line":87,"column":19},"skip":true},"16":{"start":{"line":79,"column":20},"end":{"line":86,"column":21},"skip":true},"17":{"start":{"line":82,"column":24},"end":{"line":82,"column":43},"skip":true},"18":{"start":{"line":83,"column":24},"end":{"line":83,"column":30},"skip":true},"19":{"start":{"line":85,"column":24},"end":{"line":85,"column":49},"skip":true},"20":{"start":{"line":89,"column":12},"end":{"line":107,"column":13},"skip":true},"21":{"start":{"line":92,"column":16},"end":{"line":102,"column":17},"skip":true},"22":{"start":{"line":93,"column":20},"end":{"line":93,"column":86},"skip":true},"23":{"start":{"line":94,"column":20},"end":{"line":95,"column":45},"skip":true},"24":{"start":{"line":96,"column":20},"end":{"line":96,"column":42},"skip":true},"25":{"start":{"line":97,"column":20},"end":{"line":97,"column":48},"skip":true},"26":{"start":{"line":100,"column":20},"end":{"line":100,"column":85},"skip":true},"27":{"start":{"line":101,"column":20},"end":{"line":101,"column":96},"skip":true},"28":{"start":{"line":103,"column":16},"end":{"line":103,"column":22},"skip":true},"29":{"start":{"line":106,"column":16},"end":{"line":106,"column":22},"skip":true},"30":{"start":{"line":108,"column":12},"end":{"line":120,"column":13},"skip":true},"31":{"start":{"line":114,"column":16},"end":{"line":119,"column":17},"skip":true},"32":{"start":{"line":116,"column":20},"end":{"line":116,"column":78},"skip":true},"33":{"start":{"line":118,"column":20},"end":{"line":118,"column":47},"skip":true},"34":{"start":{"line":123,"column":8},"end":{"line":141,"column":11},"skip":true},"35":{"start":{"line":124,"column":12},"end":{"line":124,"column":54},"skip":true},"36":{"start":{"line":125,"column":12},"end":{"line":140,"column":14},"skip":true},"37":{"start":{"line":126,"column":16},"end":{"line":126,"column":28},"skip":true},"38":{"start":{"line":127,"column":16},"end":{"line":127,"column":69},"skip":true},"39":{"start":{"line":128,"column":16},"end":{"line":128,"column":75},"skip":true},"40":{"start":{"line":129,"column":16},"end":{"line":131,"column":17},"skip":true},"41":{"start":{"line":130,"column":20},"end":{"line":130,"column":27},"skip":true},"42":{"start":{"line":133,"column":16},"end":{"line":137,"column":36},"skip":true},"43":{"start":{"line":134,"column":20},"end":{"line":136,"column":55},"skip":true},"44":{"start":{"line":139,"column":16},"end":{"line":139,"column":57},"skip":true},"45":{"start":{"line":143,"column":8},"end":{"line":147,"column":11},"skip":true},"46":{"start":{"line":144,"column":12},"end":{"line":146,"column":15},"skip":true},"47":{"start":{"line":145,"column":16},"end":{"line":145,"column":70},"skip":true},"48":{"start":{"line":149,"column":8},"end":{"line":149,"column":31},"skip":true},"49":{"start":{"line":150,"column":8},"end":{"line":150,"column":14},"skip":true},"50":{"start":{"line":158,"column":8},"end":{"line":158,"column":31},"skip":true},"51":{"start":{"line":160,"column":8},"end":{"line":160,"column":33},"skip":true},"52":{"start":{"line":161,"column":8},"end":{"line":161,"column":37},"skip":true},"53":{"start":{"line":162,"column":8},"end":{"line":162,"column":35},"skip":true},"54":{"start":{"line":164,"column":8},"end":{"line":164,"column":50},"skip":true},"55":{"start":{"line":166,"column":8},"end":{"line":256,"column":2},"skip":true},"56":{"start":{"line":258,"column":8},"end":{"line":286,"column":9},"skip":true},"57":{"start":{"line":259,"column":12},"end":{"line":269,"column":14},"skip":true},"58":{"start":{"line":271,"column":12},"end":{"line":285,"column":19},"skip":true},"59":{"start":{"line":274,"column":20},"end":{"line":274,"column":35},"skip":true},"60":{"start":{"line":275,"column":20},"end":{"line":284,"column":21},"skip":true},"61":{"start":{"line":277,"column":24},"end":{"line":277,"column":64},"skip":true},"62":{"start":{"line":279,"column":24},"end":{"line":279,"column":40},"skip":true},"63":{"start":{"line":281,"column":24},"end":{"line":281,"column":40},"skip":true},"64":{"start":{"line":283,"column":24},"end":{"line":283,"column":39},"skip":true},"65":{"start":{"line":288,"column":8},"end":{"line":290,"column":9},"skip":true},"66":{"start":{"line":289,"column":12},"end":{"line":289,"column":18},"skip":true},"67":{"start":{"line":291,"column":8},"end":{"line":293,"column":54},"skip":true},"68":{"start":{"line":296,"column":8},"end":{"line":301,"column":37},"skip":true},"69":{"start":{"line":303,"column":8},"end":{"line":303,"column":82},"skip":true},"70":{"start":{"line":306,"column":8},"end":{"line":308,"column":9},"skip":true},"71":{"start":{"line":307,"column":12},"end":{"line":307,"column":82},"skip":true},"72":{"start":{"line":310,"column":8},"end":{"line":312,"column":9},"skip":true},"73":{"start":{"line":311,"column":12},"end":{"line":311,"column":18},"skip":true},"74":{"start":{"line":313,"column":8},"end":{"line":313,"column":54},"skip":true},"75":{"start":{"line":314,"column":8},"end":{"line":314,"column":69},"skip":true},"76":{"start":{"line":315,"column":8},"end":{"line":323,"column":36},"skip":true},"77":{"start":{"line":316,"column":12},"end":{"line":316,"column":61},"skip":true},"78":{"start":{"line":317,"column":12},"end":{"line":320,"column":13},"skip":true},"79":{"start":{"line":318,"column":16},"end":{"line":318,"column":75},"skip":true},"80":{"start":{"line":319,"column":16},"end":{"line":319,"column":23},"skip":true},"81":{"start":{"line":321,"column":12},"end":{"line":321,"column":38},"skip":true},"82":{"start":{"line":322,"column":12},"end":{"line":322,"column":27},"skip":true},"83":{"start":{"line":324,"column":8},"end":{"line":324,"column":14},"skip":true}},"branchMap":{"1":{"line":39,"type":"binary-expr","locations":[{"start":{"line":39,"column":23},"end":{"line":39,"column":62}},{"start":{"line":40,"column":20},"end":{"line":40,"column":70}},{"start":{"line":41,"column":20},"end":{"line":41,"column":71}},{"start":{"line":42,"column":20},"end":{"line":42,"column":29}}]},"2":{"line":44,"type":"binary-expr","locations":[{"start":{"line":44,"column":23},"end":{"line":44,"column":37}},{"start":{"line":45,"column":20},"end":{"line":45,"column":61}},{"start":{"line":46,"column":20},"end":{"line":46,"column":70}},{"start":{"line":47,"column":20},"end":{"line":47,"column":26}}]},"3":{"line":51,"type":"cond-expr","locations":[{"start":{"line":52,"column":14},"end":{"line":52,"column":20}},{"start":{"line":53,"column":14},"end":{"line":53,"column":20}}]},"4":{"line":55,"type":"binary-expr","locations":[{"start":{"line":55,"column":16},"end":{"line":55,"column":44}},{"start":{"line":55,"column":49},"end":{"line":57,"column":43}}]},"5":{"line":55,"type":"cond-expr","locations":[{"start":{"line":56,"column":14},"end":{"line":56,"column":54}},{"start":{"line":57,"column":14},"end":{"line":57,"column":43}}]},"6":{"line":61,"type":"switch","locations":[{"start":{"line":68,"column":4},"end":{"line":150,"column":14},"skip":true},{"start":{"line":156,"column":4},"end":{"line":324,"column":14},"skip":true}]},"7":{"line":70,"type":"if","locations":[{"start":{"line":70,"column":12},"end":{"line":70,"column":12},"skip":true},{"start":{"line":70,"column":12},"end":{"line":70,"column":12},"skip":true}]},"8":{"line":70,"type":"binary-expr","locations":[{"start":{"line":70,"column":16},"end":{"line":70,"column":22},"skip":true},{"start":{"line":70,"column":27},"end":{"line":70,"column":32},"skip":true},{"start":{"line":71,"column":20},"end":{"line":71,"column":39},"skip":true},{"start":{"line":72,"column":20},"end":{"line":72,"column":49},"skip":true},{"start":{"line":73,"column":20},"end":{"line":73,"column":58},"skip":true},{"start":{"line":74,"column":20},"end":{"line":74,"column":69},"skip":true}]},"9":{"line":79,"type":"switch","locations":[{"start":{"line":80,"column":20},"end":{"line":80,"column":33},"skip":true},{"start":{"line":81,"column":20},"end":{"line":83,"column":30},"skip":true},{"start":{"line":84,"column":20},"end":{"line":85,"column":49},"skip":true}]},"10":{"line":89,"type":"switch","locations":[{"start":{"line":90,"column":12},"end":{"line":103,"column":22},"skip":true},{"start":{"line":105,"column":12},"end":{"line":106,"column":22},"skip":true}]},"11":{"line":89,"type":"binary-expr","locations":[{"start":{"line":89,"column":20},"end":{"line":89,"column":25},"skip":true},{"start":{"line":89,"column":29},"end":{"line":89,"column":48},"skip":true},{"start":{"line":89,"column":52},"end":{"line":89,"column":74},"skip":true}]},"12":{"line":92,"type":"if","locations":[{"start":{"line":92,"column":16},"end":{"line":92,"column":16},"skip":true},{"start":{"line":92,"column":16},"end":{"line":92,"column":16},"skip":true}]},"13":{"line":108,"type":"if","locations":[{"start":{"line":108,"column":12},"end":{"line":108,"column":12},"skip":true},{"start":{"line":108,"column":12},"end":{"line":108,"column":12},"skip":true}]},"14":{"line":108,"type":"binary-expr","locations":[{"start":{"line":108,"column":16},"end":{"line":108,"column":61},"skip":true},{"start":{"line":108,"column":66},"end":{"line":108,"column":72},"skip":true},{"start":{"line":108,"column":77},"end":{"line":108,"column":82},"skip":true},{"start":{"line":109,"column":20},"end":{"line":109,"column":39},"skip":true},{"start":{"line":110,"column":20},"end":{"line":110,"column":49},"skip":true},{"start":{"line":111,"column":20},"end":{"line":111,"column":58},"skip":true},{"start":{"line":112,"column":20},"end":{"line":112,"column":68},"skip":true}]},"15":{"line":129,"type":"if","locations":[{"start":{"line":129,"column":16},"end":{"line":129,"column":16},"skip":true},{"start":{"line":129,"column":16},"end":{"line":129,"column":16},"skip":true}]},"16":{"line":134,"type":"cond-expr","locations":[{"start":{"line":135,"column":26},"end":{"line":135,"column":29},"skip":true},{"start":{"line":136,"column":26},"end":{"line":136,"column":54},"skip":true}]},"17":{"line":164,"type":"binary-expr","locations":[{"start":{"line":164,"column":27},"end":{"line":164,"column":43},"skip":true},{"start":{"line":164,"column":47},"end":{"line":164,"column":49},"skip":true}]},"18":{"line":258,"type":"if","locations":[{"start":{"line":258,"column":8},"end":{"line":258,"column":8},"skip":true},{"start":{"line":258,"column":8},"end":{"line":258,"column":8},"skip":true}]},"19":{"line":275,"type":"switch","locations":[{"start":{"line":276,"column":20},"end":{"line":277,"column":64},"skip":true},{"start":{"line":278,"column":20},"end":{"line":279,"column":40},"skip":true},{"start":{"line":280,"column":20},"end":{"line":281,"column":40},"skip":true},{"start":{"line":282,"column":20},"end":{"line":283,"column":39},"skip":true}]},"20":{"line":288,"type":"if","locations":[{"start":{"line":288,"column":8},"end":{"line":288,"column":8},"skip":true},{"start":{"line":288,"column":8},"end":{"line":288,"column":8},"skip":true}]},"21":{"line":288,"type":"binary-expr","locations":[{"start":{"line":288,"column":12},"end":{"line":288,"column":40},"skip":true},{"start":{"line":288,"column":44},"end":{"line":288,"column":67},"skip":true}]},"22":{"line":292,"type":"binary-expr","locations":[{"start":{"line":292,"column":12},"end":{"line":292,"column":50},"skip":true},{"start":{"line":293,"column":12},"end":{"line":293,"column":53},"skip":true}]},"23":{"line":297,"type":"binary-expr","locations":[{"start":{"line":297,"column":12},"end":{"line":297,"column":68},"skip":true},{"start":{"line":298,"column":12},"end":{"line":301,"column":36},"skip":true}]},"24":{"line":303,"type":"binary-expr","locations":[{"start":{"line":303,"column":43},"end":{"line":303,"column":75},"skip":true},{"start":{"line":303,"column":79},"end":{"line":303,"column":81},"skip":true}]},"25":{"line":306,"type":"if","locations":[{"start":{"line":306,"column":8},"end":{"line":306,"column":8},"skip":true},{"start":{"line":306,"column":8},"end":{"line":306,"column":8},"skip":true}]},"26":{"line":310,"type":"if","locations":[{"start":{"line":310,"column":8},"end":{"line":310,"column":8},"skip":true},{"start":{"line":310,"column":8},"end":{"line":310,"column":8},"skip":true}]},"27":{"line":313,"type":"binary-expr","locations":[{"start":{"line":313,"column":27},"end":{"line":313,"column":43},"skip":true},{"start":{"line":313,"column":47},"end":{"line":313,"column":53},"skip":true}]},"28":{"line":317,"type":"if","locations":[{"start":{"line":317,"column":12},"end":{"line":317,"column":12},"skip":true},{"start":{"line":317,"column":12},"end":{"line":317,"column":12},"skip":true}]}},"code":["/*","example.js","","quickstart example","","instruction","    1. save this script as example.js","    2. run the shell command:","        $ npm install npmtest-foundation && PORT=8081 node example.js","    3. play with the browser-demo on http://127.0.0.1:8081","*/","","","","/* istanbul instrument in package npmtest_foundation */","/*jslint","    bitwise: true,","    browser: true,","    maxerr: 8,","    maxlen: 96,","    node: true,","    nomen: true,","    regexp: true,","    stupid: true","*/","(function () {","    'use strict';","    var local;","","","","    // run shared js-env code - pre-init","    (function () {","        // init local","        local = {};","        // init modeJs","        local.modeJs = (function () {","            try {","                return typeof navigator.userAgent === 'string' &&","                    typeof document.querySelector('body') === 'object' &&","                    typeof XMLHttpRequest.prototype.open === 'function' &&","                    'browser';","            } catch (errorCaughtBrowser) {","                return module.exports &&","                    typeof process.versions.node === 'string' &&","                    typeof require('http').createServer === 'function' &&","                    'node';","            }","        }());","        // init global","        local.global = local.modeJs === 'browser'","            ? window","            : global;","        // init utility2_rollup","        local = local.global.utility2_rollup || (local.modeJs === 'browser'","            ? local.global.utility2_npmtest_foundation","            : global.utility2_moduleExports);","        // export local","        local.global.local = local;","    }());","    switch (local.modeJs) {","","","","    // post-init","    // run browser js-env code - post-init","    /* istanbul ignore next */","    case 'browser':","        local.testRunBrowser = function (event) {","            if (!event || (event &&","                    event.currentTarget &&","                    event.currentTarget.className &&","                    event.currentTarget.className.includes &&","                    event.currentTarget.className.includes('onreset'))) {","                // reset output","                Array.from(","                    document.querySelectorAll('body > .resettable')","                ).forEach(function (element) {","                    switch (element.tagName) {","                    case 'INPUT':","                    case 'TEXTAREA':","                        element.value = '';","                        break;","                    default:","                        element.textContent = '';","                    }","                });","            }","            switch (event && event.currentTarget && event.currentTarget.id) {","            case 'testRunButton1':","                // show tests","                if (document.querySelector('#testReportDiv1').style.display === 'none') {","                    document.querySelector('#testReportDiv1').style.display = 'block';","                    document.querySelector('#testRunButton1').textContent =","                        'hide internal test';","                    local.modeTest = true;","                    local.testRunDefault(local);","                // hide tests","                } else {","                    document.querySelector('#testReportDiv1').style.display = 'none';","                    document.querySelector('#testRunButton1').textContent = 'run internal test';","                }","                break;","            // custom-case","            default:","                break;","            }","            if (document.querySelector('#inputTextareaEval1') && (!event || (event &&","                    event.currentTarget &&","                    event.currentTarget.className &&","                    event.currentTarget.className.includes &&","                    event.currentTarget.className.includes('oneval')))) {","                // try to eval input-code","                try {","                    /*jslint evil: true*/","                    eval(document.querySelector('#inputTextareaEval1').value);","                } catch (errorCaught) {","                    console.error(errorCaught);","                }","            }","        };","        // log stderr and stdout to #outputTextareaStdout1","        ['error', 'log'].forEach(function (key) {","            console[key + '_original'] = console[key];","            console[key] = function () {","                var element;","                console[key + '_original'].apply(console, arguments);","                element = document.querySelector('#outputTextareaStdout1');","                if (!element) {","                    return;","                }","                // append text to #outputTextareaStdout1","                element.value += Array.from(arguments).map(function (arg) {","                    return typeof arg === 'string'","                        ? arg","                        : JSON.stringify(arg, null, 4);","                }).join(' ') + '\\n';","                // scroll textarea to bottom","                element.scrollTop = element.scrollHeight;","            };","        });","        // init event-handling","        ['change', 'click', 'keyup'].forEach(function (event) {","            Array.from(document.querySelectorAll('.on' + event)).forEach(function (element) {","                element.addEventListener(event, local.testRunBrowser);","            });","        });","        // run tests","        local.testRunBrowser();","        break;","","","","    // run node js-env code - post-init","    /* istanbul ignore next */","    case 'node':","        // export local","        module.exports = local;","        // require modules","        local.fs = require('fs');","        local.http = require('http');","        local.url = require('url');","        // init assets","        local.assetsDict = local.assetsDict || {};","        /* jslint-ignore-begin */","        local.assetsDict['/assets.index.template.html'] = '\\","<!doctype html>\\n\\","<html lang=\"en\">\\n\\","<head>\\n\\","<meta charset=\"UTF-8\">\\n\\","<meta name=\"viewport\" content=\"width=device-width, initial-scale=1\">\\n\\","<title>{{env.npm_package_name}} (v{{env.npm_package_version}})</title>\\n\\","<style>\\n\\","/*csslint\\n\\","    box-sizing: false,\\n\\","    universal-selector: false\\n\\","*/\\n\\","* {\\n\\","    box-sizing: border-box;\\n\\","}\\n\\","body {\\n\\","    background: #dde;\\n\\","    font-family: Arial, Helvetica, sans-serif;\\n\\","    margin: 2rem;\\n\\","}\\n\\","body > * {\\n\\","    margin-bottom: 1rem;\\n\\","}\\n\\",".utility2FooterDiv {\\n\\","    margin-top: 20px;\\n\\","    text-align: center;\\n\\","}\\n\\","</style>\\n\\","<style>\\n\\","/*csslint\\n\\","*/\\n\\","textarea {\\n\\","    font-family: monospace;\\n\\","    height: 10rem;\\n\\","    width: 100%;\\n\\","}\\n\\","textarea[readonly] {\\n\\","    background: #ddd;\\n\\","}\\n\\","</style>\\n\\","</head>\\n\\","<body>\\n\\","<!-- utility2-comment\\n\\","<div id=\"ajaxProgressDiv1\" style=\"background: #d00; height: 2px; left: 0; margin: 0; padding: 0; position: fixed; top: 0; transition: background 0.5s, width 1.5s; width: 25%;\"></div>\\n\\","utility2-comment -->\\n\\","<h1>\\n\\","<!-- utility2-comment\\n\\","    <a\\n\\","        {{#if env.npm_package_homepage}}\\n\\","        href=\"{{env.npm_package_homepage}}\"\\n\\","        {{/if env.npm_package_homepage}}\\n\\","        target=\"_blank\"\\n\\","    >\\n\\","utility2-comment -->\\n\\","        {{env.npm_package_name}} (v{{env.npm_package_version}})\\n\\","<!-- utility2-comment\\n\\","    </a>\\n\\","utility2-comment -->\\n\\","</h1>\\n\\","<h3>{{env.npm_package_description}}</h3>\\n\\","<!-- utility2-comment\\n\\","<h4><a download href=\"assets.app.js\">download standalone app</a></h4>\\n\\","<button class=\"onclick onreset\" id=\"testRunButton1\">run internal test</button><br>\\n\\","<div id=\"testReportDiv1\" style=\"display: none;\"></div>\\n\\","utility2-comment -->\\n\\","\\n\\","\\n\\","\\n\\","<label>stderr and stdout</label>\\n\\","<textarea class=\"resettable\" id=\"outputTextareaStdout1\" readonly></textarea>\\n\\","<!-- utility2-comment\\n\\","{{#if isRollup}}\\n\\","<script src=\"assets.app.js\"></script>\\n\\","{{#unless isRollup}}\\n\\","utility2-comment -->\\n\\","<script src=\"assets.utility2.rollup.js\"></script>\\n\\","<script src=\"jsonp.utility2._stateInit?callback=window.utility2._stateInit\"></script>\\n\\","<script src=\"assets.npmtest_foundation.rollup.js\"></script>\\n\\","<script src=\"assets.example.js\"></script>\\n\\","<script src=\"assets.test.js\"></script>\\n\\","<!-- utility2-comment\\n\\","{{/if isRollup}}\\n\\","utility2-comment -->\\n\\","<div class=\"utility2FooterDiv\">\\n\\","    [ this app was created with\\n\\","    <a href=\"https://github.com/kaizhu256/node-utility2\" target=\"_blank\">utility2</a>\\n\\","    ]\\n\\","</div>\\n\\","</body>\\n\\","</html>\\n\\","';","        /* jslint-ignore-end */","        if (local.templateRender) {","            local.assetsDict['/'] = local.templateRender(","                local.assetsDict['/assets.index.template.html'],","                {","                    env: local.objectSetDefault(local.env, {","                        npm_package_description: 'the greatest app in the world!',","                        npm_package_name: 'my-app',","                        npm_package_nameAlias: 'my_app',","                        npm_package_version: '0.0.1'","                    })","                }","            );","        } else {","            local.assetsDict['/'] = local.assetsDict['/assets.index.template.html']","                .replace((/\\{\\{env\\.(\\w+?)\\}\\}/g), function (match0, match1) {","                    // jslint-hack","                    String(match0);","                    switch (match1) {","                    case 'npm_package_description':","                        return 'the greatest app in the world!';","                    case 'npm_package_name':","                        return 'my-app';","                    case 'npm_package_nameAlias':","                        return 'my_app';","                    case 'npm_package_version':","                        return '0.0.1';","                    }","                });","        }","        // run the cli","        if (local.global.utility2_rollup || module !== require.main) {","            break;","        }","        local.assetsDict['/assets.example.js'] =","            local.assetsDict['/assets.example.js'] ||","            local.fs.readFileSync(__filename, 'utf8');","        // bug-workaround - long $npm_package_buildCustomOrg","        /* jslint-ignore-begin */","        local.assetsDict['/assets.npmtest_foundation.rollup.js'] =","            local.assetsDict['/assets.npmtest_foundation.rollup.js'] ||","            local.fs.readFileSync(","                local.npmtest_foundation.__dirname + '/lib.npmtest_foundation.js',","                'utf8'","            ).replace((/^#!/), '//');","        /* jslint-ignore-end */","        local.assetsDict['/favicon.ico'] = local.assetsDict['/favicon.ico'] || '';","        // if $npm_config_timeout_exit exists,","        // then exit this process after $npm_config_timeout_exit ms","        if (Number(process.env.npm_config_timeout_exit)) {","            setTimeout(process.exit, Number(process.env.npm_config_timeout_exit));","        }","        // start server","        if (local.global.utility2_serverHttp1) {","            break;","        }","        process.env.PORT = process.env.PORT || '8081';","        console.error('server starting on port ' + process.env.PORT);","        local.http.createServer(function (request, response) {","            request.urlParsed = local.url.parse(request.url);","            if (local.assetsDict[request.urlParsed.pathname] !== undefined) {","                response.end(local.assetsDict[request.urlParsed.pathname]);","                return;","            }","            response.statusCode = 404;","            response.end();","        }).listen(process.env.PORT);","        break;","    }","}());",""],"l":{"26":2,"28":2,"33":2,"35":2,"37":2,"38":2,"39":2,"44":1,"51":2,"55":2,"59":2,"61":2,"69":1,"70":2,"76":2,"79":2,"82":2,"83":2,"85":1,"89":2,"92":1,"93":1,"94":1,"96":1,"97":1,"100":1,"101":1,"103":1,"106":1,"108":2,"114":1,"116":1,"118":1,"123":1,"124":2,"125":2,"126":3,"127":3,"128":3,"129":3,"130":1,"133":3,"134":3,"139":3,"143":1,"144":3,"145":1,"149":1,"150":1,"158":1,"160":1,"161":1,"162":1,"164":1,"166":1,"258":1,"259":1,"271":1,"274":6,"275":6,"277":1,"279":2,"281":1,"283":2,"288":1,"289":1,"291":1,"296":1,"303":1,"306":1,"307":1,"310":1,"311":1,"313":1,"314":1,"315":1,"316":1,"317":1,"318":1,"319":1,"321":1,"322":1,"324":1}},"/home/travis/build/npmtest/node-npmtest-foundation/node_modules/foundation/stylus/foundation.js":{"path":"/home/travis/build/npmtest/node-npmtest-foundation/node_modules/foundation/stylus/foundation.js","s":{"1":1,"2":1,"3":1,"4":1,"5":1,"6":0,"7":0,"8":0,"9":0,"10":1,"11":1,"12":1,"13":1,"14":1},"b":{},"f":{"1":0,"2":0,"3":0},"fnMap":{"1":{"name":"plugin","line":14,"loc":{"start":{"line":14,"column":27},"end":{"line":14,"column":45}}},"2":{"name":"(anonymous_2)","line":15,"loc":{"start":{"line":15,"column":9},"end":{"line":15,"column":25}}},"3":{"name":"(anonymous_3)","line":17,"loc":{"start":{"line":17,"column":25},"end":{"line":17,"column":39}}}},"statementMap":{"1":{"start":{"line":3,"column":0},"end":{"line":3,"column":27}},"2":{"start":{"line":4,"column":0},"end":{"line":4,"column":45}},"3":{"start":{"line":5,"column":0},"end":{"line":5,"column":24}},"4":{"start":{"line":6,"column":0},"end":{"line":6,"column":50}},"5":{"start":{"line":14,"column":0},"end":{"line":21,"column":2}},"6":{"start":{"line":15,"column":2},"end":{"line":20,"column":4}},"7":{"start":{"line":16,"column":4},"end":{"line":16,"column":28}},"8":{"start":{"line":17,"column":4},"end":{"line":19,"column":7}},"9":{"start":{"line":18,"column":6},"end":{"line":18,"column":24}},"10":{"start":{"line":27,"column":0},"end":{"line":27,"column":33}},"11":{"start":{"line":32,"column":0},"end":{"line":32,"column":38}},"12":{"start":{"line":37,"column":0},"end":{"line":37,"column":23}},"13":{"start":{"line":44,"column":0},"end":{"line":44,"column":36}},"14":{"start":{"line":51,"column":0},"end":{"line":51,"column":56}}},"branchMap":{},"code":["'use strict';","","var path = require('path');","var packageInfo = require('../package.json');","var libPath = __dirname;","var dependencies = [require('stylus-type-utils')];","","/**"," * Return the plugin callback for stylus."," *"," * @return {Function}"," * @api public"," */","exports = module.exports = function plugin() {","  return function(stylus){","    stylus.include(libPath);","    dependencies.forEach(function(dep) {","      stylus.use(dep());","    });","  };","};","","","/**"," * Theme name."," */","exports.theme = packageInfo.name;","","/**"," * Library version."," */","exports.version = packageInfo.version;","","/**"," * Stylus path."," */","exports.path = libPath;","","/**"," * Dependent modules"," * "," * @type {Array}"," */","exports.dependencies = dependencies;","","/**"," * Assets paths"," * "," * @type {Array}"," */","exports.assetPaths = [path.join(__dirname, '..', 'js')];",""],"l":{"3":1,"4":1,"5":1,"6":1,"14":1,"15":0,"16":0,"17":0,"18":0,"27":1,"32":1,"37":1,"44":1,"51":1}},"/home/travis/build/npmtest/node-npmtest-foundation/node_modules/foundation/Gruntfile.js":{"path":"/home/travis/build/npmtest/node-npmtest-foundation/node_modules/foundation/Gruntfile.js","s":{"1":1,"2":0,"3":0,"4":0,"5":0},"b":{},"f":{"1":0},"fnMap":{"1":{"name":"(anonymous_1)","line":1,"loc":{"start":{"line":1,"column":17},"end":{"line":1,"column":33}}}},"statementMap":{"1":{"start":{"line":1,"column":0},"end":{"line":27,"column":2}},"2":{"start":{"line":3,"column":4},"end":{"line":3,"column":46}},"3":{"start":{"line":4,"column":4},"end":{"line":4,"column":46}},"4":{"start":{"line":6,"column":4},"end":{"line":23,"column":7}},"5":{"start":{"line":26,"column":4},"end":{"line":26,"column":45}}},"branchMap":{},"code":["module.exports = function(grunt) {","","    grunt.loadNpmTasks('grunt-contrib-qunit');","    grunt.loadNpmTasks('grunt-contrib-watch');","","    grunt.initConfig({","      qunit: {","        all: ['test/javascripts/tests/**/*.html']","      },","      watch: {","        all: {","            files: [","                'test/javascripts/tests/**/*.html',","                'test/javascripts/tests/**/*.js',","                'lib/assets/javascripts/foundation/*.js'","            ],","            tasks: 'default',","            options: {","                interrupt: true","            }","        }","      }","    });","","    // Default task.","    grunt.registerTask('default', ['qunit']);","};"],"l":{"1":1,"3":0,"4":0,"6":0,"26":0}},"/home/travis/build/npmtest/node-npmtest-foundation/node_modules/foundation/js/foundation/foundation.alerts.js":{"path":"/home/travis/build/npmtest/node-npmtest-foundation/node_modules/foundation/js/foundation/foundation.alerts.js","s":{"1":2,"2":0,"3":0,"4":0,"5":0,"6":0,"7":0,"8":0,"9":0,"10":0,"11":0,"12":0,"13":0,"14":0,"15":0,"16":0,"17":0,"18":0},"b":{"1":[0,0],"2":[0,0],"3":[0,0],"4":[0,0]},"f":{"1":0,"2":0,"3":0,"4":0,"5":0,"6":0,"7":0,"8":0},"fnMap":{"1":{"name":"(anonymous_1)","line":3,"loc":{"start":{"line":3,"column":2},"end":{"line":3,"column":44}}},"2":{"name":"(anonymous_2)","line":13,"loc":{"start":{"line":13,"column":16},"end":{"line":13,"column":27}}},"3":{"name":"(anonymous_3)","line":16,"loc":{"start":{"line":16,"column":11},"end":{"line":16,"column":45}}},"4":{"name":"(anonymous_4)","line":32,"loc":{"start":{"line":32,"column":13},"end":{"line":32,"column":25}}},"5":{"name":"(anonymous_5)","line":35,"loc":{"start":{"line":35,"column":69},"end":{"line":35,"column":82}}},"6":{"name":"(anonymous_6)","line":37,"loc":{"start":{"line":37,"column":60},"end":{"line":37,"column":72}}},"7":{"name":"(anonymous_7)","line":46,"loc":{"start":{"line":46,"column":10},"end":{"line":46,"column":22}}},"8":{"name":"(anonymous_8)","line":50,"loc":{"start":{"line":50,"column":13},"end":{"line":50,"column":25}}}},"statementMap":{"1":{"start":{"line":3,"column":1},"end":{"line":52,"column":39}},"2":{"start":{"line":6,"column":2},"end":{"line":51,"column":4}},"3":{"start":{"line":17,"column":6},"end":{"line":17,"column":39}},"4":{"start":{"line":19,"column":6},"end":{"line":21,"column":7}},"5":{"start":{"line":20,"column":8},"end":{"line":20,"column":46}},"6":{"start":{"line":23,"column":6},"end":{"line":29,"column":7}},"7":{"start":{"line":24,"column":8},"end":{"line":24,"column":47}},"8":{"start":{"line":24,"column":33},"end":{"line":24,"column":47}},"9":{"start":{"line":26,"column":8},"end":{"line":26,"column":34}},"10":{"start":{"line":28,"column":8},"end":{"line":28,"column":48}},"11":{"start":{"line":33,"column":6},"end":{"line":33,"column":22}},"12":{"start":{"line":35,"column":6},"end":{"line":41,"column":9}},"13":{"start":{"line":36,"column":8},"end":{"line":36,"column":27}},"14":{"start":{"line":37,"column":8},"end":{"line":40,"column":11}},"15":{"start":{"line":38,"column":10},"end":{"line":38,"column":27}},"16":{"start":{"line":39,"column":10},"end":{"line":39,"column":35}},"17":{"start":{"line":43,"column":6},"end":{"line":43,"column":32}},"18":{"start":{"line":47,"column":6},"end":{"line":47,"column":41}}},"branchMap":{"1":{"line":17,"type":"binary-expr","locations":[{"start":{"line":17,"column":19},"end":{"line":17,"column":24}},{"start":{"line":17,"column":28},"end":{"line":17,"column":38}}]},"2":{"line":19,"type":"if","locations":[{"start":{"line":19,"column":6},"end":{"line":19,"column":6}},{"start":{"line":19,"column":6},"end":{"line":19,"column":6}}]},"3":{"line":23,"type":"if","locations":[{"start":{"line":23,"column":6},"end":{"line":23,"column":6}},{"start":{"line":23,"column":6},"end":{"line":23,"column":6}}]},"4":{"line":24,"type":"if","locations":[{"start":{"line":24,"column":8},"end":{"line":24,"column":8}},{"start":{"line":24,"column":8},"end":{"line":24,"column":8}}]}},"code":["/*jslint unparam: true, browser: true, indent: 2 */","",";(function ($, window, document, undefined) {","  'use strict';","","  Foundation.libs.alerts = {","    name : 'alerts',","","    version : '4.0.0',","","    settings : {","      speed: 300, // fade out speed","      callback: function (){}","    },","","    init : function (scope, method, options) {","      this.scope = scope || this.scope;","","      if (typeof method === 'object') {","        $.extend(true, this.settings, method);","      }","","      if (typeof method != 'string') {","        if (!this.settings.init) this.events();","","        return this.settings.init;","      } else {","        return this[method].call(this, options);","      }","    },","","    events : function () {","      var self = this;","","      $(this.scope).on('click.fndtn.alerts', '[data-alert] a.close', function (e) {","        e.preventDefault();","        $(this).closest(\"[data-alert]\").fadeOut(self.speed, function () {","          $(this).remove();","          self.settings.callback();","        });","      });","","      this.settings.init = true;","    },","","    off : function () {","      $(this.scope).off('.fndtn.alerts');","    },","","    reflow : function () {}","  };","}(Foundation.zj, this, this.document));"],"l":{"3":2,"6":0,"17":0,"19":0,"20":0,"23":0,"24":0,"26":0,"28":0,"33":0,"35":0,"36":0,"37":0,"38":0,"39":0,"43":0,"47":0}},"/home/travis/build/npmtest/node-npmtest-foundation/node_modules/foundation/js/foundation/foundation.clearing.js":{"path":"/home/travis/build/npmtest/node-npmtest-foundation/node_modules/foundation/js/foundation/foundation.clearing.js","s":{"1":2,"2":0,"3":0,"4":0,"5":0,"6":0,"7":0,"8":0,"9":0,"10":0,"11":0,"12":0,"13":0,"14":0,"15":0,"16":0,"17":0,"18":0,"19":0,"20":0,"21":0,"22":0,"23":0,"24":0,"25":0,"26":0,"27":0,"28":0,"29":0,"30":0,"31":0,"32":0,"33":0,"34":0,"35":0,"36":0,"37":0,"38":0,"39":0,"40":0,"41":0,"42":0,"43":0,"44":0,"45":0,"46":0,"47":0,"48":0,"49":0,"50":0,"51":0,"52":0,"53":0,"54":0,"55":0,"56":0,"57":0,"58":0,"59":0,"60":0,"61":0,"62":0,"63":0,"64":0,"65":0,"66":0,"67":0,"68":0,"69":0,"70":0,"71":0,"72":0,"73":0,"74":0,"75":0,"76":0,"77":0,"78":0,"79":0,"80":0,"81":0,"82":0,"83":0,"84":0,"85":0,"86":0,"87":0,"88":0,"89":0,"90":0,"91":0,"92":0,"93":0,"94":0,"95":0,"96":0,"97":0,"98":0,"99":0,"100":0,"101":0,"102":0,"103":0,"104":0,"105":0,"106":0,"107":0,"108":0,"109":0,"110":0,"111":0,"112":0,"113":0,"114":0,"115":0,"116":0,"117":0,"118":0,"119":0,"120":0,"121":0,"122":0,"123":0,"124":0,"125":0,"126":0,"127":0,"128":1,"129":0,"130":1,"131":0,"132":0,"133":0,"134":0,"135":0,"136":0,"137":0,"138":0,"139":0,"140":0,"141":0,"142":0,"143":0,"144":0,"145":0,"146":0,"147":0,"148":0,"149":0,"150":0,"151":0,"152":0,"153":0,"154":0,"155":0,"156":0,"157":0,"158":0,"159":0,"160":0,"161":0,"162":0,"163":0,"164":0,"165":0,"166":0,"167":0,"168":0,"169":0,"170":0,"171":0,"172":0,"173":0,"174":0,"175":0,"176":0,"177":0,"178":0,"179":0,"180":0,"181":0,"182":0,"183":0,"184":0,"185":0,"186":0,"187":0,"188":0,"189":0,"190":0,"191":0,"192":0,"193":0,"194":0},"b":{"1":[0,0],"2":[0,0],"3":[0,0],"4":[0,0],"5":[0,0],"6":[0,0],"7":[0,0],"8":[0,0],"9":[0,0],"10":[0,0],"11":[0,0,0,0],"12":[0,0],"13":[0,0],"14":[0,0],"15":[0,0,0],"16":[0,0],"17":[0,0],"18":[0,0],"19":[0,0],"20":[0,0],"21":[0,0],"22":[0,0],"23":[0,0],"24":[0,0],"25":[0,0],"26":[0,0],"27":[0,0],"28":[0,0],"29":[0,0],"30":[0,0],"31":[0,0],"32":[0,0],"33":[0,0],"34":[0,0],"35":[0,0],"36":[0,0],"37":[0,0],"38":[0,0],"39":[0,0],"40":[0,0],"41":[0,0],"42":[0,0],"43":[0,0],"44":[0,0],"45":[0,0],"46":[0,0],"47":[0,0],"48":[0,0],"49":[0,0],"50":[0,0],"51":[0,0],"52":[0,0],"53":[0,0],"54":[0,0],"55":[0,0],"56":[0,0],"57":[0,0],"58":[0,0]},"f":{"1":0,"2":0,"3":0,"4":0,"5":0,"6":0,"7":0,"8":0,"9":0,"10":0,"11":0,"12":0,"13":0,"14":0,"15":0,"16":0,"17":0,"18":0,"19":0,"20":0,"21":0,"22":0,"23":0,"24":0,"25":0,"26":0,"27":0,"28":0,"29":0,"30":0,"31":0,"32":0,"33":0,"34":0,"35":0,"36":0,"37":0,"38":0,"39":0,"40":0,"41":0,"42":0,"43":0,"44":0,"45":0},"fnMap":{"1":{"name":"(anonymous_1)","line":3,"loc":{"start":{"line":3,"column":2},"end":{"line":3,"column":44}}},"2":{"name":"(anonymous_2)","line":28,"loc":{"start":{"line":28,"column":11},"end":{"line":28,"column":45}}},"3":{"name":"(anonymous_3)","line":37,"loc":{"start":{"line":37,"column":53},"end":{"line":37,"column":65}}},"4":{"name":"(anonymous_4)","line":65,"loc":{"start":{"line":65,"column":13},"end":{"line":65,"column":25}}},"5":{"name":"(anonymous_5)","line":70,"loc":{"start":{"line":70,"column":10},"end":{"line":70,"column":40}}},"6":{"name":"(anonymous_6)","line":95,"loc":{"start":{"line":95,"column":10},"end":{"line":95,"column":23}}},"7":{"name":"(anonymous_7)","line":97,"loc":{"start":{"line":97,"column":10},"end":{"line":97,"column":23}}},"8":{"name":"(anonymous_8)","line":99,"loc":{"start":{"line":99,"column":10},"end":{"line":99,"column":23}}},"9":{"name":"(anonymous_9)","line":101,"loc":{"start":{"line":101,"column":10},"end":{"line":101,"column":23}}},"10":{"name":"(anonymous_10)","line":104,"loc":{"start":{"line":104,"column":8},"end":{"line":104,"column":20}}},"11":{"name":"(anonymous_11)","line":110,"loc":{"start":{"line":110,"column":19},"end":{"line":110,"column":31}}},"12":{"name":"(anonymous_12)","line":114,"loc":{"start":{"line":114,"column":57},"end":{"line":114,"column":69}}},"13":{"name":"(anonymous_13)","line":127,"loc":{"start":{"line":127,"column":56},"end":{"line":127,"column":68}}},"14":{"name":"(anonymous_14)","line":151,"loc":{"start":{"line":151,"column":55},"end":{"line":151,"column":67}}},"15":{"name":"(anonymous_15)","line":157,"loc":{"start":{"line":157,"column":15},"end":{"line":157,"column":30}}},"16":{"name":"(anonymous_16)","line":176,"loc":{"start":{"line":176,"column":11},"end":{"line":176,"column":46}}},"17":{"name":"(anonymous_17)","line":188,"loc":{"start":{"line":188,"column":27},"end":{"line":188,"column":39}}},"18":{"name":"(anonymous_18)","line":197,"loc":{"start":{"line":197,"column":36},"end":{"line":197,"column":48}}},"19":{"name":"(anonymous_19)","line":205,"loc":{"start":{"line":205,"column":12},"end":{"line":205,"column":29}}},"20":{"name":"(anonymous_20)","line":208,"loc":{"start":{"line":208,"column":18},"end":{"line":208,"column":36}}},"21":{"name":"(anonymous_21)","line":230,"loc":{"start":{"line":230,"column":14},"end":{"line":230,"column":33}}},"22":{"name":"(anonymous_22)","line":234,"loc":{"start":{"line":234,"column":14},"end":{"line":234,"column":27}}},"23":{"name":"(anonymous_23)","line":242,"loc":{"start":{"line":242,"column":10},"end":{"line":242,"column":34}}},"24":{"name":"(anonymous_24)","line":249,"loc":{"start":{"line":249,"column":13},"end":{"line":249,"column":25}}},"25":{"name":"(anonymous_25)","line":258,"loc":{"start":{"line":258,"column":17},"end":{"line":258,"column":35}}},"26":{"name":"(anonymous_26)","line":262,"loc":{"start":{"line":262,"column":15},"end":{"line":262,"column":27}}},"27":{"name":"(anonymous_27)","line":276,"loc":{"start":{"line":276,"column":21},"end":{"line":276,"column":39}}},"28":{"name":"(anonymous_28)","line":302,"loc":{"start":{"line":302,"column":13},"end":{"line":302,"column":31}}},"29":{"name":"(anonymous_29)","line":319,"loc":{"start":{"line":319,"column":11},"end":{"line":319,"column":29}}},"30":{"name":"(anonymous_30)","line":332,"loc":{"start":{"line":332,"column":14},"end":{"line":332,"column":32}}},"31":{"name":"(anonymous_31)","line":338,"loc":{"start":{"line":338,"column":13},"end":{"line":338,"column":40}}},"32":{"name":"loaded","line":342,"loc":{"start":{"line":342,"column":6},"end":{"line":342,"column":25}}},"33":{"name":"bindLoad","line":346,"loc":{"start":{"line":346,"column":6},"end":{"line":346,"column":27}}},"34":{"name":"(anonymous_34)","line":370,"loc":{"start":{"line":370,"column":10},"end":{"line":370,"column":25}}},"35":{"name":"(anonymous_35)","line":386,"loc":{"start":{"line":386,"column":14},"end":{"line":386,"column":43}}},"36":{"name":"(anonymous_36)","line":403,"loc":{"start":{"line":403,"column":9},"end":{"line":403,"column":35}}},"37":{"name":"(anonymous_37)","line":414,"loc":{"start":{"line":414,"column":12},"end":{"line":414,"column":49}}},"38":{"name":"(anonymous_38)","line":448,"loc":{"start":{"line":448,"column":16},"end":{"line":448,"column":48}}},"39":{"name":"(anonymous_39)","line":476,"loc":{"start":{"line":476,"column":15},"end":{"line":476,"column":54}}},"40":{"name":"(anonymous_40)","line":485,"loc":{"start":{"line":485,"column":11},"end":{"line":485,"column":23}}},"41":{"name":"(anonymous_41)","line":489,"loc":{"start":{"line":489,"column":13},"end":{"line":489,"column":25}}},"42":{"name":"(anonymous_42)","line":493,"loc":{"start":{"line":493,"column":13},"end":{"line":493,"column":25}}},"43":{"name":"(anonymous_43)","line":499,"loc":{"start":{"line":499,"column":16},"end":{"line":499,"column":30}}},"44":{"name":"(anonymous_44)","line":504,"loc":{"start":{"line":504,"column":10},"end":{"line":504,"column":22}}},"45":{"name":"(anonymous_45)","line":511,"loc":{"start":{"line":511,"column":13},"end":{"line":511,"column":25}}}},"statementMap":{"1":{"start":{"line":3,"column":1},"end":{"line":516,"column":39}},"2":{"start":{"line":6,"column":2},"end":{"line":514,"column":4}},"3":{"start":{"line":29,"column":6},"end":{"line":29,"column":22}},"4":{"start":{"line":30,"column":6},"end":{"line":30,"column":86}},"5":{"start":{"line":32,"column":6},"end":{"line":34,"column":7}},"6":{"start":{"line":33,"column":8},"end":{"line":33,"column":56}},"7":{"start":{"line":36,"column":6},"end":{"line":60,"column":7}},"8":{"start":{"line":37,"column":8},"end":{"line":54,"column":11}},"9":{"start":{"line":38,"column":10},"end":{"line":41,"column":44}},"10":{"start":{"line":43,"column":10},"end":{"line":53,"column":11}},"11":{"start":{"line":44,"column":12},"end":{"line":44,"column":43}},"12":{"start":{"line":46,"column":12},"end":{"line":46,"column":93}},"13":{"start":{"line":48,"column":12},"end":{"line":48,"column":42}},"14":{"start":{"line":50,"column":12},"end":{"line":52,"column":13}},"15":{"start":{"line":51,"column":14},"end":{"line":51,"column":43}},"16":{"start":{"line":56,"column":8},"end":{"line":56,"column":34}},"17":{"start":{"line":59,"column":8},"end":{"line":59,"column":48}},"18":{"start":{"line":66,"column":6},"end":{"line":66,"column":22}},"19":{"start":{"line":68,"column":6},"end":{"line":101,"column":55}},"20":{"start":{"line":71,"column":12},"end":{"line":75,"column":36}},"21":{"start":{"line":77,"column":12},"end":{"line":77,"column":31}},"22":{"start":{"line":78,"column":12},"end":{"line":78,"column":39}},"23":{"start":{"line":78,"column":27},"end":{"line":78,"column":39}},"24":{"start":{"line":82,"column":12},"end":{"line":87,"column":13}},"25":{"start":{"line":85,"column":14},"end":{"line":85,"column":28}},"26":{"start":{"line":86,"column":14},"end":{"line":86,"column":41}},"27":{"start":{"line":90,"column":12},"end":{"line":90,"column":46}},"28":{"start":{"line":91,"column":12},"end":{"line":91,"column":40}},"29":{"start":{"line":95,"column":25},"end":{"line":95,"column":45}},"30":{"start":{"line":97,"column":25},"end":{"line":97,"column":45}},"31":{"start":{"line":99,"column":25},"end":{"line":99,"column":65}},"32":{"start":{"line":101,"column":25},"end":{"line":101,"column":41}},"33":{"start":{"line":103,"column":6},"end":{"line":104,"column":50}},"34":{"start":{"line":104,"column":22},"end":{"line":104,"column":36}},"35":{"start":{"line":106,"column":6},"end":{"line":106,"column":32}},"36":{"start":{"line":107,"column":6},"end":{"line":107,"column":18}},"37":{"start":{"line":111,"column":6},"end":{"line":111,"column":22}},"38":{"start":{"line":113,"column":6},"end":{"line":154,"column":11}},"39":{"start":{"line":115,"column":10},"end":{"line":115,"column":50}},"40":{"start":{"line":115,"column":28},"end":{"line":115,"column":48}},"41":{"start":{"line":116,"column":10},"end":{"line":122,"column":16}},"42":{"start":{"line":124,"column":10},"end":{"line":124,"column":49}},"43":{"start":{"line":125,"column":10},"end":{"line":125,"column":30}},"44":{"start":{"line":128,"column":10},"end":{"line":128,"column":50}},"45":{"start":{"line":128,"column":28},"end":{"line":128,"column":48}},"46":{"start":{"line":130,"column":10},"end":{"line":130,"column":70}},"47":{"start":{"line":130,"column":63},"end":{"line":130,"column":70}},"48":{"start":{"line":132,"column":10},"end":{"line":132,"column":54}},"49":{"start":{"line":134,"column":10},"end":{"line":136,"column":11}},"50":{"start":{"line":135,"column":12},"end":{"line":135,"column":22}},"51":{"start":{"line":138,"column":10},"end":{"line":138,"column":64}},"52":{"start":{"line":140,"column":10},"end":{"line":142,"column":11}},"53":{"start":{"line":141,"column":12},"end":{"line":141,"column":133}},"54":{"start":{"line":144,"column":10},"end":{"line":149,"column":11}},"55":{"start":{"line":145,"column":12},"end":{"line":145,"column":31}},"56":{"start":{"line":146,"column":12},"end":{"line":146,"column":65}},"57":{"start":{"line":147,"column":12},"end":{"line":147,"column":31}},"58":{"start":{"line":148,"column":12},"end":{"line":148,"column":35}},"59":{"start":{"line":152,"column":10},"end":{"line":152,"column":47}},"60":{"start":{"line":153,"column":10},"end":{"line":153,"column":30}},"61":{"start":{"line":158,"column":6},"end":{"line":158,"column":29}},"62":{"start":{"line":159,"column":6},"end":{"line":159,"column":61}},"63":{"start":{"line":161,"column":6},"end":{"line":169,"column":39}},"64":{"start":{"line":171,"column":6},"end":{"line":171,"column":44}},"65":{"start":{"line":177,"column":6},"end":{"line":180,"column":56}},"66":{"start":{"line":182,"column":6},"end":{"line":202,"column":7}},"67":{"start":{"line":184,"column":8},"end":{"line":186,"column":39}},"68":{"start":{"line":188,"column":8},"end":{"line":201,"column":22}},"69":{"start":{"line":189,"column":10},"end":{"line":189,"column":45}},"70":{"start":{"line":191,"column":10},"end":{"line":191,"column":45}},"71":{"start":{"line":192,"column":10},"end":{"line":192,"column":51}},"72":{"start":{"line":193,"column":10},"end":{"line":193,"column":31}},"73":{"start":{"line":194,"column":10},"end":{"line":200,"column":15}},"74":{"start":{"line":198,"column":14},"end":{"line":198,"column":55}},"75":{"start":{"line":199,"column":14},"end":{"line":199,"column":41}},"76":{"start":{"line":206,"column":6},"end":{"line":206,"column":25}},"77":{"start":{"line":208,"column":6},"end":{"line":214,"column":46}},"78":{"start":{"line":209,"column":12},"end":{"line":213,"column":13}},"79":{"start":{"line":210,"column":14},"end":{"line":210,"column":28}},"80":{"start":{"line":212,"column":14},"end":{"line":212,"column":58}},"81":{"start":{"line":216,"column":6},"end":{"line":225,"column":7}},"82":{"start":{"line":217,"column":8},"end":{"line":217,"column":45}},"83":{"start":{"line":218,"column":8},"end":{"line":218,"column":55}},"84":{"start":{"line":219,"column":8},"end":{"line":219,"column":37}},"85":{"start":{"line":220,"column":8},"end":{"line":222,"column":44}},"86":{"start":{"line":223,"column":8},"end":{"line":223,"column":52}},"87":{"start":{"line":224,"column":8},"end":{"line":224,"column":29}},"88":{"start":{"line":227,"column":6},"end":{"line":227,"column":19}},"89":{"start":{"line":231,"column":6},"end":{"line":231,"column":55}},"90":{"start":{"line":235,"column":6},"end":{"line":235,"column":71}},"91":{"start":{"line":237,"column":6},"end":{"line":237,"column":52}},"92":{"start":{"line":237,"column":26},"end":{"line":237,"column":52}},"93":{"start":{"line":238,"column":6},"end":{"line":238,"column":52}},"94":{"start":{"line":238,"column":26},"end":{"line":238,"column":52}},"95":{"start":{"line":239,"column":6},"end":{"line":239,"column":65}},"96":{"start":{"line":239,"column":26},"end":{"line":239,"column":65}},"97":{"start":{"line":243,"column":6},"end":{"line":243,"column":71}},"98":{"start":{"line":245,"column":6},"end":{"line":245,"column":25}},"99":{"start":{"line":246,"column":6},"end":{"line":246,"column":35}},"100":{"start":{"line":250,"column":6},"end":{"line":250,"column":67}},"101":{"start":{"line":252,"column":6},"end":{"line":254,"column":7}},"102":{"start":{"line":253,"column":8},"end":{"line":253,"column":27}},"103":{"start":{"line":259,"column":6},"end":{"line":260,"column":22}},"104":{"start":{"line":262,"column":6},"end":{"line":271,"column":39}},"105":{"start":{"line":263,"column":10},"end":{"line":264,"column":37}},"106":{"start":{"line":266,"column":10},"end":{"line":268,"column":11}},"107":{"start":{"line":267,"column":12},"end":{"line":267,"column":38}},"108":{"start":{"line":273,"column":6},"end":{"line":273,"column":18}},"109":{"start":{"line":277,"column":6},"end":{"line":279,"column":34}},"110":{"start":{"line":281,"column":6},"end":{"line":289,"column":7}},"111":{"start":{"line":282,"column":8},"end":{"line":284,"column":35}},"112":{"start":{"line":286,"column":8},"end":{"line":288,"column":32}},"113":{"start":{"line":291,"column":6},"end":{"line":299,"column":7}},"114":{"start":{"line":292,"column":8},"end":{"line":294,"column":35}},"115":{"start":{"line":296,"column":8},"end":{"line":298,"column":32}},"116":{"start":{"line":303,"column":6},"end":{"line":313,"column":7}},"117":{"start":{"line":304,"column":8},"end":{"line":307,"column":11}},"118":{"start":{"line":309,"column":8},"end":{"line":312,"column":11}},"119":{"start":{"line":314,"column":6},"end":{"line":314,"column":18}},"120":{"start":{"line":320,"column":6},"end":{"line":324,"column":7}},"121":{"start":{"line":321,"column":8},"end":{"line":321,"column":39}},"122":{"start":{"line":323,"column":8},"end":{"line":323,"column":48}},"123":{"start":{"line":326,"column":6},"end":{"line":326,"column":27}},"124":{"start":{"line":328,"column":6},"end":{"line":328,"column":28}},"125":{"start":{"line":328,"column":16},"end":{"line":328,"column":28}},"126":{"start":{"line":329,"column":6},"end":{"line":329,"column":32}},"127":{"start":{"line":333,"column":6},"end":{"line":335,"column":42}},"128":{"start":{"line":342,"column":6},"end":{"line":344,"column":7}},"129":{"start":{"line":343,"column":8},"end":{"line":343,"column":19}},"130":{"start":{"line":346,"column":6},"end":{"line":356,"column":7}},"131":{"start":{"line":347,"column":8},"end":{"line":347,"column":33}},"132":{"start":{"line":349,"column":8},"end":{"line":355,"column":9}},"133":{"start":{"line":350,"column":10},"end":{"line":351,"column":52}},"134":{"start":{"line":353,"column":10},"end":{"line":353,"column":54}},"135":{"start":{"line":354,"column":10},"end":{"line":354,"column":40}},"136":{"start":{"line":358,"column":6},"end":{"line":361,"column":7}},"137":{"start":{"line":359,"column":8},"end":{"line":359,"column":17}},"138":{"start":{"line":360,"column":8},"end":{"line":360,"column":15}},"139":{"start":{"line":363,"column":6},"end":{"line":367,"column":7}},"140":{"start":{"line":364,"column":8},"end":{"line":364,"column":17}},"141":{"start":{"line":366,"column":8},"end":{"line":366,"column":29}},"142":{"start":{"line":371,"column":6},"end":{"line":380,"column":7}},"143":{"start":{"line":372,"column":8},"end":{"line":373,"column":34}},"144":{"start":{"line":375,"column":8},"end":{"line":379,"column":9}},"145":{"start":{"line":376,"column":10},"end":{"line":376,"column":43}},"146":{"start":{"line":378,"column":10},"end":{"line":378,"column":52}},"147":{"start":{"line":381,"column":6},"end":{"line":381,"column":18}},"148":{"start":{"line":387,"column":6},"end":{"line":387,"column":43}},"149":{"start":{"line":389,"column":6},"end":{"line":397,"column":7}},"150":{"start":{"line":390,"column":8},"end":{"line":392,"column":18}},"151":{"start":{"line":394,"column":8},"end":{"line":396,"column":18}},"152":{"start":{"line":398,"column":6},"end":{"line":398,"column":18}},"153":{"start":{"line":404,"column":6},"end":{"line":405,"column":40}},"154":{"start":{"line":407,"column":6},"end":{"line":411,"column":7}},"155":{"start":{"line":408,"column":8},"end":{"line":410,"column":47}},"156":{"start":{"line":415,"column":6},"end":{"line":420,"column":21}},"157":{"start":{"line":424,"column":6},"end":{"line":443,"column":7}},"158":{"start":{"line":425,"column":8},"end":{"line":431,"column":9}},"159":{"start":{"line":426,"column":10},"end":{"line":426,"column":22}},"160":{"start":{"line":427,"column":10},"end":{"line":427,"column":70}},"161":{"start":{"line":428,"column":15},"end":{"line":431,"column":9}},"162":{"start":{"line":429,"column":10},"end":{"line":429,"column":22}},"163":{"start":{"line":430,"column":10},"end":{"line":430,"column":70}},"164":{"start":{"line":432,"column":13},"end":{"line":443,"column":7}},"165":{"start":{"line":435,"column":8},"end":{"line":435,"column":61}},"166":{"start":{"line":436,"column":8},"end":{"line":436,"column":20}},"167":{"start":{"line":438,"column":8},"end":{"line":442,"column":9}},"168":{"start":{"line":439,"column":10},"end":{"line":439,"column":79}},"169":{"start":{"line":441,"column":10},"end":{"line":441,"column":59}},"170":{"start":{"line":445,"column":6},"end":{"line":445,"column":17}},"171":{"start":{"line":449,"column":6},"end":{"line":453,"column":19}},"172":{"start":{"line":455,"column":6},"end":{"line":455,"column":40}},"173":{"start":{"line":457,"column":6},"end":{"line":469,"column":7}},"174":{"start":{"line":458,"column":8},"end":{"line":466,"column":9}},"175":{"start":{"line":460,"column":10},"end":{"line":460,"column":29}},"176":{"start":{"line":461,"column":15},"end":{"line":466,"column":9}},"177":{"start":{"line":463,"column":10},"end":{"line":463,"column":28}},"178":{"start":{"line":465,"column":10},"end":{"line":465,"column":27}},"179":{"start":{"line":468,"column":8},"end":{"line":468,"column":26}},"180":{"start":{"line":471,"column":6},"end":{"line":471,"column":46}},"181":{"start":{"line":473,"column":6},"end":{"line":473,"column":22}},"182":{"start":{"line":477,"column":6},"end":{"line":479,"column":7}},"183":{"start":{"line":478,"column":8},"end":{"line":478,"column":45}},"184":{"start":{"line":478,"column":33},"end":{"line":478,"column":45}},"185":{"start":{"line":480,"column":6},"end":{"line":480,"column":19}},"186":{"start":{"line":486,"column":6},"end":{"line":486,"column":34}},"187":{"start":{"line":490,"column":6},"end":{"line":490,"column":35}},"188":{"start":{"line":494,"column":6},"end":{"line":494,"column":34}},"189":{"start":{"line":501,"column":6},"end":{"line":501,"column":71}},"190":{"start":{"line":505,"column":6},"end":{"line":505,"column":43}},"191":{"start":{"line":506,"column":6},"end":{"line":506
[...]
umn":6},"end":{"line":229,"column":22}},"103":{"start":{"line":231,"column":6},"end":{"line":231,"column":38}},"104":{"start":{"line":233,"column":6},"end":{"line":251,"column":9}},"105":{"start":{"line":234,"column":8},"end":{"line":236,"column":37}},"106":{"start":{"line":238,"column":8},"end":{"line":242,"column":9}},"107":{"start":{"line":239,"column":10},"end":{"line":239,"column":184}},"108":{"start":{"line":241,"column":10},"end":{"line":241,"column":97}},"109":{"start":{"line":245,"column":8},"end":{"line":249,"column":9}},"110":{"start":{"line":246,"column":10},"end":{"line":246,"column":75}},"111":{"start":{"line":248,"column":10},"end":{"line":248,"column":64}},"112":{"start":{"line":250,"column":8},"end":{"line":250,"column":36}},"113":{"start":{"line":254,"column":6},"end":{"line":254,"column":61}},"114":{"start":{"line":257,"column":6},"end":{"line":257,"column":20}},"115":{"start":{"line":261,"column":6},"end":{"line":262,"column":22}},"116":{"start":{"line":264,"column":6},"end":{"line":264,"column":86}},"117":{"start":{"line":264,"column":41},"end":{"line":264,"column":82}},"118":{"start":{"line":266,"column":6},"end":{"line":266,"column":19}},"119":{"start":{"line":270,"column":6},"end":{"line":270,"column":50}},"120":{"start":{"line":271,"column":6},"end":{"line":287,"column":7}},"121":{"start":{"line":272,"column":8},"end":{"line":273,"column":32}},"122":{"start":{"line":274,"column":12},"end":{"line":274,"column":56}},"123":{"start":{"line":276,"column":10},"end":{"line":286,"column":11}},"124":{"start":{"line":277,"column":12},"end":{"line":285,"column":13}},"125":{"start":{"line":278,"column":14},"end":{"line":278,"column":41}},"126":{"start":{"line":279,"column":14},"end":{"line":279,"column":49}},"127":{"start":{"line":282,"column":17},"end":{"line":285,"column":13}},"128":{"start":{"line":283,"column":14},"end":{"line":283,"column":44}},"129":{"start":{"line":284,"column":14},"end":{"line":284,"column":47}},"130":{"start":{"line":291,"column":6},"end":{"line":291,"column":41}},"131":{"start":{"line":292,"column":6},"end":{"line":292,"column":37}}},"branchMap":{"1":{"line":25,"type":"if","locations":[{"start":{"line":25,"column":6},"end":{"line":25,"column":6}},{"start":{"line":25,"column":6},"end":{"line":25,"column":6}}]},"2":{"line":27,"type":"if","locations":[{"start":{"line":27,"column":13},"end":{"line":27,"column":13}},{"start":{"line":27,"column":13},"end":{"line":27,"column":13}}]},"3":{"line":31,"type":"if","locations":[{"start":{"line":31,"column":6},"end":{"line":31,"column":6}},{"start":{"line":31,"column":6},"end":{"line":31,"column":6}}]},"4":{"line":47,"type":"if","locations":[{"start":{"line":47,"column":10},"end":{"line":47,"column":10}},{"start":{"line":47,"column":10},"end":{"line":47,"column":10}}]},"5":{"line":52,"type":"if","locations":[{"start":{"line":52,"column":8},"end":{"line":52,"column":8}},{"start":{"line":52,"column":8},"end":{"line":52,"column":8}}]},"6":{"line":75,"type":"if","locations":[{"start":{"line":75,"column":10},"end":{"line":75,"column":10}},{"start":{"line":75,"column":10},"end":{"line":75,"column":10}}]},"7":{"line":76,"type":"if","locations":[{"start":{"line":76,"column":12},"end":{"line":76,"column":12}},{"start":{"line":76,"column":12},"end":{"line":76,"column":12}}]},"8":{"line":92,"type":"if","locations":[{"start":{"line":92,"column":10},"end":{"line":92,"column":10}},{"start":{"line":92,"column":10},"end":{"line":92,"column":10}}]},"9":{"line":93,"type":"if","locations":[{"start":{"line":93,"column":12},"end":{"line":93,"column":12}},{"start":{"line":93,"column":12},"end":{"line":93,"column":12}}]},"10":{"line":98,"type":"if","locations":[{"start":{"line":98,"column":17},"end":{"line":98,"column":17}},{"start":{"line":98,"column":17},"end":{"line":98,"column":17}}]},"11":{"line":103,"type":"if","locations":[{"start":{"line":103,"column":12},"end":{"line":103,"column":12}},{"start":{"line":103,"column":12},"end":{"line":103,"column":12}}]},"12":{"line":110,"type":"if","locations":[{"start":{"line":110,"column":10},"end":{"line":110,"column":10}},{"start":{"line":110,"column":10},"end":{"line":110,"column":10}}]},"13":{"line":112,"type":"if","locations":[{"start":{"line":112,"column":10},"end":{"line":112,"column":10}},{"start":{"line":112,"column":10},"end":{"line":112,"column":10}}]},"14":{"line":120,"type":"if","locations":[{"start":{"line":120,"column":10},"end":{"line":120,"column":10}},{"start":{"line":120,"column":10},"end":{"line":120,"column":10}}]},"15":{"line":127,"type":"if","locations":[{"start":{"line":127,"column":10},"end":{"line":127,"column":10}},{"start":{"line":127,"column":10},"end":{"line":127,"column":10}}]},"16":{"line":127,"type":"binary-expr","locations":[{"start":{"line":127,"column":14},"end":{"line":127,"column":36}},{"start":{"line":127,"column":40},"end":{"line":127,"column":56}}]},"17":{"line":131,"type":"if","locations":[{"start":{"line":131,"column":10},"end":{"line":131,"column":10}},{"start":{"line":131,"column":10},"end":{"line":131,"column":10}}]},"18":{"line":131,"type":"binary-expr","locations":[{"start":{"line":131,"column":14},"end":{"line":131,"column":40}},{"start":{"line":131,"column":44},"end":{"line":131,"column":84}}]},"19":{"line":135,"type":"if","locations":[{"start":{"line":135,"column":10},"end":{"line":135,"column":10}},{"start":{"line":135,"column":10},"end":{"line":135,"column":10}}]},"20":{"line":146,"type":"if","locations":[{"start":{"line":146,"column":10},"end":{"line":146,"column":10}},{"start":{"line":146,"column":10},"end":{"line":146,"column":10}}]},"21":{"line":159,"type":"if","locations":[{"start":{"line":159,"column":12},"end":{"line":159,"column":12}},{"start":{"line":159,"column":12},"end":{"line":159,"column":12}}]},"22":{"line":172,"type":"if","locations":[{"start":{"line":172,"column":8},"end":{"line":172,"column":8}},{"start":{"line":172,"column":8},"end":{"line":172,"column":8}}]},"23":{"line":184,"type":"if","locations":[{"start":{"line":184,"column":8},"end":{"line":184,"column":8}},{"start":{"line":184,"column":8},"end":{"line":184,"column":8}}]},"24":{"line":204,"type":"if","locations":[{"start":{"line":204,"column":8},"end":{"line":204,"column":8}},{"start":{"line":204,"column":8},"end":{"line":204,"column":8}}]},"25":{"line":212,"type":"if","locations":[{"start":{"line":212,"column":8},"end":{"line":212,"column":8}},{"start":{"line":212,"column":8},"end":{"line":212,"column":8}}]},"26":{"line":225,"type":"binary-expr","locations":[{"start":{"line":225,"column":13},"end":{"line":225,"column":58}},{"start":{"line":225,"column":62},"end":{"line":225,"column":90}}]},"27":{"line":238,"type":"if","locations":[{"start":{"line":238,"column":8},"end":{"line":238,"column":8}},{"start":{"line":238,"column":8},"end":{"line":238,"column":8}}]},"28":{"line":238,"type":"binary-expr","locations":[{"start":{"line":238,"column":12},"end":{"line":238,"column":15}},{"start":{"line":238,"column":19},"end":{"line":238,"column":33}}]},"29":{"line":245,"type":"if","locations":[{"start":{"line":245,"column":8},"end":{"line":245,"column":8}},{"start":{"line":245,"column":8},"end":{"line":245,"column":8}}]},"30":{"line":271,"type":"if","locations":[{"start":{"line":271,"column":6},"end":{"line":271,"column":6}},{"start":{"line":271,"column":6},"end":{"line":271,"column":6}}]},"31":{"line":272,"type":"cond-expr","locations":[{"start":{"line":272,"column":41},"end":{"line":272,"column":62}},{"start":{"line":272,"column":64},"end":{"line":272,"column":65}}]},"32":{"line":277,"type":"if","locations":[{"start":{"line":277,"column":12},"end":{"line":277,"column":12}},{"start":{"line":277,"column":12},"end":{"line":277,"column":12}}]},"33":{"line":282,"type":"if","locations":[{"start":{"line":282,"column":17},"end":{"line":282,"column":17}},{"start":{"line":282,"column":17},"end":{"line":282,"column":17}}]}},"code":["/*jslint unparam: true, browser: true, indent: 2 */","",";(function ($, window, document, undefined) {","  'use strict';","","  Foundation.libs.topbar = {","    name : 'topbar',","","    version : '4.2.0',","","    settings : {","      index : 0,","      stickyClass : 'sticky',","      custom_back_text: true,","      back_text: 'Back',","      is_hover: true,","      scrolltop : true, // jump to top when sticky nav menu toggle is clicked","      init : false","    },","","    init : function (section, method, options) {","      Foundation.inherit(this, 'data_options');","      var self = this;","","      if (typeof method === 'object') {","        $.extend(true, this.settings, method);","      } else if (typeof options !== 'undefined') {","        $.extend(true, this.settings, options);","      }","","      if (typeof method != 'string') {","","        $('.top-bar, [data-topbar]').each(function () {","          $.extend(true, self.settings, self.data_options($(this)));","          self.settings.$w = $(window);","          self.settings.$topbar = $(this);","          self.settings.$section = self.settings.$topbar.find('section');","          self.settings.$titlebar = self.settings.$topbar.children('ul').first();","          self.settings.$topbar.data('index', 0);","","          var breakpoint = $(\"<div class='top-bar-js-breakpoint'/>\").insertAfter(self.settings.$topbar);","          self.settings.breakPoint = breakpoint.width();","          breakpoint.remove();","","          self.assemble();","","          if (self.settings.$topbar.parent().hasClass('fixed')) {","            $('body').css('padding-top', self.outerHeight(self.settings.$topbar));","          }","        });","","        if (!self.settings.init) {","          this.events();","        }","","        return this.settings.init;","      } else {","        // fire method","        return this[method].call(this, options);","      }","    },","","    events : function () {","      var self = this;","      var offst = this.outerHeight($('.top-bar, [data-topbar]'));","      $(this.scope)","        .off('.fndtn.topbar')","        .on('click.fndtn.topbar', '.top-bar .toggle-topbar, [data-topbar] .toggle-topbar', function (e) {","          var topbar = $(this).closest('.top-bar, [data-topbar]'),","              section = topbar.find('section, .section'),","              titlebar = topbar.children('ul').first();","","          e.preventDefault();","","          if (self.breakpoint()) {","            if (!self.rtl) {","              section.css({left: '0%'});","              section.find('>.name').css({left: '100%'});","            } else {","              section.css({right: '0%'});","              section.find('>.name').css({right: '100%'});","            }","","            section.find('li.moved').removeClass('moved');","            topbar.data('index', 0);","","            topbar","              .toggleClass('expanded')","              .css('min-height', '');","          }","","          if (!topbar.hasClass('expanded')) {","            if (topbar.hasClass('fixed')) {","              topbar.parent().addClass('fixed');","              topbar.removeClass('fixed');","              $('body').css('padding-top',offst);","            }","          } else if (topbar.parent().hasClass('fixed')) {","            topbar.parent().removeClass('fixed');","            topbar.addClass('fixed');","            $('body').css('padding-top','0');","","            if (self.settings.scrolltop) {","              window.scrollTo(0,0);","            }","          }","        })","","        .on('mouseenter mouseleave', '.top-bar li', function (e) {","          if (!self.settings.is_hover) return;","","          if (/enter|over/i.test(e.type)) {","            $(this).addClass('hover');","          } else {","            $(this).removeClass('hover');","          }","        })","","        .on('click.fndtn.topbar', '.top-bar li.has-dropdown', function (e) {","          if (self.breakpoint()) return;","","          var li = $(this),","              target = $(e.target),","              topbar = li.closest('[data-topbar], .top-bar'),","              is_hover = topbar.data('topbar');","","          if (self.settings.is_hover && !Modernizr.touch) return;","","          e.stopImmediatePropagation();","","          if (target[0].nodeName === 'A' && target.parent().hasClass('has-dropdown')) {","            e.preventDefault();","          }","","          if (li.hasClass('hover')) {","            li","              .removeClass('hover')","              .find('li')","              .removeClass('hover');","          } else {","            li.addClass('hover');","          }","        })","","        .on('click.fndtn.topbar', '.top-bar .has-dropdown>a, [data-topbar] .has-dropdown>a', function (e) {","          if (self.breakpoint()) {","            e.preventDefault();","","            var $this = $(this),","                topbar = $this.closest('.top-bar, [data-topbar]'),","                section = topbar.find('section, .section'),","                titlebar = topbar.children('ul').first(),","                dropdownHeight = $this.next('.dropdown').outerHeight(),","                $selectedLi = $this.closest('li');","","            topbar.data('index', topbar.data('index') + 1);","            $selectedLi.addClass('moved');","","            if (!self.rtl) {","              section.css({left: -(100 * topbar.data('index')) + '%'});","              section.find('>.name').css({left: 100 * topbar.data('index') + '%'});","            } else {","              section.css({right: -(100 * topbar.data('index')) + '%'});","              section.find('>.name').css({right: 100 * topbar.data('index') + '%'});","            }","","            topbar.css('min-height', self.height($this.siblings('ul')) + self.outerHeight(titlebar, true));","          }","        });","","      $(window).on('resize.fndtn.topbar', function () {","        if (!self.breakpoint()) {","          $('.top-bar, [data-topbar]')","            .css('min-height', '')","            .removeClass('expanded')","            .find('li')","            .removeClass('hover');","        }","      }.bind(this));","","      $('body').on('click.fndtn.topbar', function (e) {","        var parent = $(e.target).closest('[data-topbar], .top-bar');","","        if (parent.length > 0) {","          return;","        }","","        $('.top-bar li, [data-topbar] li').removeClass('hover');","      });","","      // Go up a level on Click","      $(this.scope).on('click.fndtn', '.top-bar .has-dropdown .back, [data-topbar] .has-dropdown .back', function (e) {","        e.preventDefault();","","        var $this = $(this),","            topbar = $this.closest('.top-bar, [data-topbar]'),","            titlebar = topbar.children('ul').first(),","            section = topbar.find('section, .section'),","            $movedLi = $this.closest('li.moved'),","            $previousLevelUl = $movedLi.parent();","","        topbar.data('index', topbar.data('index') - 1);","","        if (!self.rtl) {","          section.css({left: -(100 * topbar.data('index')) + '%'});","          section.find('>.name').css({left: 100 * topbar.data('index') + '%'});","        } else {","          section.css({right: -(100 * topbar.data('index')) + '%'});","          section.find('>.name').css({right: 100 * topbar.data('index') + '%'});","        }","","        if (topbar.data('index') === 0) {","          topbar.css('min-height', 0);","        } else {","          topbar.css('min-height', self.height($previousLevelUl) + self.outerHeight(titlebar, true));","        }","","        setTimeout(function () {","          $movedLi.removeClass('moved');","        }, 300);","      });","    },","","    breakpoint : function () {","      return $(window).width() <= this.settings.breakPoint || $('html').hasClass('lt-ie9');","    },","","    assemble : function () {","      var self = this;","      // Pull element out of the DOM for manipulation","      this.settings.$section.detach();","","      this.settings.$section.find('.has-dropdown>a').each(function () {","        var $link = $(this),","            $dropdown = $link.siblings('.dropdown'),","            url = $link.attr('href');","","        if (url && url.length > 1) {","          var $titleLi = $('<li class=\"title back js-generated\"><h5><a href=\"#\"></a></h5></li><li><a class=\"parent-link js-generated\" href=\"' + url + '\">' + $link.text() +'</a></li>');","        } else {","          var $titleLi = $('<li class=\"title back js-generated\"><h5><a href=\"#\"></a></h5></li>');","        }","","        // Copy link to subnav","        if (self.settings.custom_back_text == true) {","          $titleLi.find('h5>a').html('&laquo; ' + self.settings.back_text);","        } else {","          $titleLi.find('h5>a').html('&laquo; ' + $link.html());","        }","        $dropdown.prepend($titleLi);","      });","","      // Put element back in the DOM","      this.settings.$section.appendTo(this.settings.$topbar);","","      // check for sticky","      this.sticky();","    },","","    height : function (ul) {","      var total = 0,","          self = this;","","      ul.find('> li').each(function () { total += self.outerHeight($(this), true); });","","      return total;","    },","","    sticky : function () {","      var klass = '.' + this.settings.stickyClass;","      if ($(klass).length > 0) {","        var distance = $(klass).length ? $(klass).offset().top: 0,","            $window = $(window);","            var offst = this.outerHeight($('.top-bar'));","","          $window.scroll(function() {","            if ($window.scrollTop() >= (distance)) {","              $(klass).addClass(\"fixed\");","              $('body').css('padding-top',offst);","            }","","            else if ($window.scrollTop() < distance) {","              $(klass).removeClass(\"fixed\");","              $('body').css('padding-top','0');","            }","        });","      }","    },","","    off : function () {","      $(this.scope).off('.fndtn.topbar');","      $(window).off('.fndtn.topbar');","    },","","    reflow : function () {}","  };","}(Foundation.zj, this, this.document));",""],"l":{"3":2,"6":0,"22":0,"23":0,"25":0,"26":0,"27":0,"28":0,"31":0,"33":0,"34":0,"35":0,"36":0,"37":0,"38":0,"39":0,"41":0,"42":0,"43":0,"45":0,"47":0,"48":0,"52":0,"53":0,"56":0,"59":0,"64":0,"65":0,"66":0,"69":0,"73":0,"75":0,"76":0,"77":0,"78":0,"80":0,"81":0,"84":0,"85":0,"87":0,"92":0,"93":0,"94":0,"95":0,"96":0,"98":0,"99":0,"100":0,"101":0,"103":0,"104":0,"110":0,"112":0,"113":0,"115":0,"120":0,"122":0,"127":0,"129":0,"131":0,"132":0,"135":0,"136":0,"141":0,"146":0,"147":0,"149":0,"156":0,"157":0,"159":0,"160":0,"161":0,"163":0,"164":0,"167":0,"171":0,"172":0,"173":0,"181":0,"182":0,"184":0,"185":0,"188":0,"192":0,"193":0,"195":0,"202":0,"204":0,"205":0,"206":0,"208":0,"209":0,"212":0,"213":0,"215":0,"218":0,"219":0,"225":0,"229":0,"231":0,"233":0,"234":0,"238":0,"239":0,"241":0,"245":0,"246":0,"248":0,"250":0,"254":0,"257":0,"261":0,"264":0,"266":0,"270":0,"271":0,"272":0,"274":0,"276":0,"277":0,"278":0,"279":0,"282":0,"283":0,"284":0,"291":0,"292":0}},"/home/travis/build/npmtest/node-npmtest-foundation/node_modules/foundation/js/foundation/index.js":{"path":"/home/travis/build/npmtest/node-npmtest-foundation/node_modules/foundation/js/foundation/index.js","s":{},"b":{},"f":{},"fnMap":{},"statementMap":{},"branchMap":{},"code":["/*","=require foundation/foundation","=require foundation/foundation.alerts","=require foundation/foundation.clearing","=require foundation/foundation.cookie","=require foundation/foundation.dropdown","=require foundation/foundation.forms","=require foundation/foundation.joyride","=require foundation/foundation.magellan","=require foundation/foundation.orbit","=require foundation/foundation.placeholder","=require foundation/foundation.reveal","=require foundation/foundation.section","=require foundation/foundation.tooltips","=require foundation/foundation.topbar","=require foundation/foundation.interchange","*/"],"l":{}}}